<?xml version="1.0" encoding="UTF-8"?>
<coverage generated="1636489719766" clover="3.2.0">
  <project timestamp="1636489719766" name="All files">
    <metrics statements="519" coveredstatements="406" conditionals="390" coveredconditionals="280" methods="75" coveredmethods="68" elements="984" coveredelements="754" complexity="0" loc="519" ncloc="519" packages="1" files="1" classes="1"/>
    <file name="app.js" path="/Users/muraligopalswamy/Desktop/csc301a2current/assignment-2-56-kaushikmurali01-hyeonjeongbyeon/app.js">
      <metrics statements="519" coveredstatements="406" conditionals="390" coveredconditionals="280" methods="75" coveredmethods="68"/>
      <line num="1" count="1" type="stmt"/>
      <line num="3" count="1" type="stmt"/>
      <line num="4" count="1" type="stmt"/>
      <line num="5" count="1" type="stmt"/>
      <line num="6" count="1" type="stmt"/>
      <line num="7" count="1" type="stmt"/>
      <line num="8" count="1" type="stmt"/>
      <line num="9" count="1" type="stmt"/>
      <line num="10" count="1" type="stmt"/>
      <line num="11" count="1" type="stmt"/>
      <line num="13" count="1" type="stmt"/>
      <line num="14" count="1" type="stmt"/>
      <line num="16" count="1" type="stmt"/>
      <line num="17" count="1" type="stmt"/>
      <line num="19" count="1" type="stmt"/>
      <line num="22" count="1" type="stmt"/>
      <line num="25" count="1" type="stmt"/>
      <line num="27" count="4" type="stmt"/>
      <line num="30" count="4" type="stmt"/>
      <line num="35" count="1" type="stmt"/>
      <line num="36" count="4" type="cond" truecount="1" falsecount="1"/>
      <line num="37" count="4" type="stmt"/>
      <line num="39" count="0" type="stmt"/>
      <line num="42" count="1" type="stmt"/>
      <line num="45" count="1" type="stmt"/>
      <line num="46" count="3" type="cond" truecount="1" falsecount="1"/>
      <line num="47" count="0" type="stmt"/>
      <line num="52" count="3" type="stmt"/>
      <line num="53" count="3" type="cond" truecount="1" falsecount="1"/>
      <line num="54" count="3" type="stmt"/>
      <line num="56" count="3" type="cond" truecount="1" falsecount="1"/>
      <line num="57" count="0" type="stmt"/>
      <line num="59" count="3" type="cond" truecount="1" falsecount="1"/>
      <line num="60" count="0" type="stmt"/>
      <line num="62" count="3" type="stmt"/>
      <line num="63" count="3" type="stmt"/>
      <line num="64" count="3" type="cond" truecount="2" falsecount="0"/>
      <line num="65" count="1" type="stmt"/>
      <line num="71" count="2" type="stmt"/>
      <line num="72" count="2" type="stmt"/>
      <line num="73" count="2" type="stmt"/>
      <line num="74" count="2" type="stmt"/>
      <line num="75" count="2" type="stmt"/>
      <line num="76" count="2" type="stmt"/>
      <line num="77" count="1308" type="stmt"/>
      <line num="78" count="1308" type="stmt"/>
      <line num="79" count="1308" type="stmt"/>
      <line num="80" count="1308" type="stmt"/>
      <line num="81" count="1308" type="stmt"/>
      <line num="84" count="2" type="stmt"/>
      <line num="87" count="0" type="stmt"/>
      <line num="90" count="560" type="stmt"/>
      <line num="91" count="560" type="stmt"/>
      <line num="92" count="560" type="stmt"/>
      <line num="93" count="368480" type="stmt"/>
      <line num="94" count="368480" type="cond" truecount="1" falsecount="1"/>
      <line num="95" count="0" type="stmt"/>
      <line num="98" count="560" type="cond" truecount="1" falsecount="1"/>
      <line num="99" count="0" type="stmt"/>
      <line num="101" count="560" type="stmt"/>
      <line num="107" count="560" type="stmt"/>
      <line num="110" count="2" type="stmt"/>
      <line num="113" count="0" type="stmt"/>
      <line num="114" count="0" type="stmt"/>
      <line num="118" count="2" type="stmt"/>
      <line num="124" count="1" type="stmt"/>
      <line num="125" count="12" type="cond" truecount="1" falsecount="1"/>
      <line num="126" count="0" type="stmt"/>
      <line num="131" count="12" type="stmt"/>
      <line num="132" count="12" type="cond" truecount="2" falsecount="0"/>
      <line num="133" count="8" type="stmt"/>
      <line num="135" count="12" type="cond" truecount="1" falsecount="1"/>
      <line num="136" count="0" type="stmt"/>
      <line num="138" count="12" type="cond" truecount="1" falsecount="1"/>
      <line num="139" count="0" type="stmt"/>
      <line num="141" count="12" type="cond" truecount="1" falsecount="1"/>
      <line num="147" count="0" type="stmt"/>
      <line num="152" count="12" type="stmt"/>
      <line num="153" count="12" type="stmt"/>
      <line num="154" count="12" type="stmt"/>
      <line num="156" count="12" type="stmt"/>
      <line num="157" count="12" type="cond" truecount="2" falsecount="0"/>
      <line num="158" count="6" type="stmt"/>
      <line num="159" count="6" type="stmt"/>
      <line num="160" count="12" type="stmt"/>
      <line num="161" count="12" type="stmt"/>
      <line num="163" count="6" type="stmt"/>
      <line num="166" count="12" type="stmt"/>
      <line num="167" count="12" type="cond" truecount="2" falsecount="0"/>
      <line num="168" count="6" type="stmt"/>
      <line num="169" count="6" type="stmt"/>
      <line num="170" count="18" type="stmt"/>
      <line num="171" count="18" type="stmt"/>
      <line num="173" count="6" type="stmt"/>
      <line num="176" count="12" type="stmt"/>
      <line num="177" count="12" type="cond" truecount="2" falsecount="0"/>
      <line num="178" count="3" type="stmt"/>
      <line num="179" count="3" type="stmt"/>
      <line num="180" count="3" type="stmt"/>
      <line num="181" count="3" type="stmt"/>
      <line num="182" count="3" type="stmt"/>
      <line num="183" count="3" type="cond" truecount="1" falsecount="1"/>
      <line num="184" count="0" type="stmt"/>
      <line num="186" count="3" type="stmt"/>
      <line num="187" count="3" type="stmt"/>
      <line num="188" count="3" type="stmt"/>
      <line num="189" count="21" type="stmt"/>
      <line num="190" count="21" type="stmt"/>
      <line num="191" count="21" type="stmt"/>
      <line num="192" count="21" type="stmt"/>
      <line num="193" count="21" type="stmt"/>
      <line num="198" count="12" type="cond" truecount="4" falsecount="0"/>
      <line num="199" count="3" type="cond" truecount="2" falsecount="0"/>
      <line num="200" count="1" type="stmt"/>
      <line num="201" count="2" type="stmt"/>
      <line num="204" count="1" type="cond" truecount="1" falsecount="1"/>
      <line num="205" count="0" type="stmt"/>
      <line num="209" count="1" type="stmt"/>
      <line num="210" count="1" type="stmt"/>
      <line num="211" count="1" type="stmt"/>
      <line num="212" count="1" type="cond" truecount="2" falsecount="2"/>
      <line num="214" count="1" type="stmt"/>
      <line num="215" count="2" type="stmt"/>
      <line num="218" count="1" type="cond" truecount="1" falsecount="1"/>
      <line num="219" count="0" type="stmt"/>
      <line num="223" count="1" type="stmt"/>
      <line num="224" count="1" type="stmt"/>
      <line num="225" count="1" type="stmt"/>
      <line num="226" count="1" type="cond" truecount="2" falsecount="2"/>
      <line num="228" count="1" type="stmt"/>
      <line num="229" count="2" type="stmt"/>
      <line num="232" count="1" type="cond" truecount="1" falsecount="1"/>
      <line num="233" count="0" type="stmt"/>
      <line num="237" count="1" type="stmt"/>
      <line num="238" count="1" type="stmt"/>
      <line num="239" count="1" type="stmt"/>
      <line num="240" count="1" type="cond" truecount="2" falsecount="2"/>
      <line num="242" count="1" type="stmt"/>
      <line num="243" count="2" type="stmt"/>
      <line num="244" count="4" type="cond" truecount="2" falsecount="0"/>
      <line num="252" count="2" type="stmt"/>
      <line num="253" count="24" type="cond" truecount="2" falsecount="0"/>
      <line num="261" count="14" type="stmt"/>
      <line num="263" count="14" type="stmt"/>
      <line num="268" count="2" type="stmt"/>
      <line num="269" count="4" type="cond" truecount="2" falsecount="0"/>
      <line num="277" count="2" type="stmt"/>
      <line num="278" count="24" type="cond" truecount="2" falsecount="0"/>
      <line num="286" count="14" type="stmt"/>
      <line num="288" count="14" type="stmt"/>
      <line num="295" count="1" type="cond" truecount="1" falsecount="1"/>
      <line num="296" count="1" type="cond" truecount="1" falsecount="1"/>
      <line num="297" count="1" type="stmt"/>
      <line num="298" count="0" type="cond" truecount="0" falsecount="2"/>
      <line num="299" count="0" type="stmt"/>
      <line num="300" count="0" type="cond" truecount="0" falsecount="2"/>
      <line num="301" count="0" type="stmt"/>
      <line num="305" count="0" type="stmt"/>
      <line num="308" count="0" type="stmt"/>
      <line num="313" count="0" type="stmt"/>
      <line num="322" count="2" type="stmt"/>
      <line num="323" count="4" type="stmt"/>
      <line num="326" count="2" type="cond" truecount="1" falsecount="1"/>
      <line num="327" count="0" type="stmt"/>
      <line num="331" count="2" type="cond" truecount="1" falsecount="1"/>
      <line num="332" count="2" type="cond" truecount="2" falsecount="0"/>
      <line num="333" count="1" type="stmt"/>
      <line num="334" count="1" type="cond" truecount="1" falsecount="1"/>
      <line num="335" count="1" type="stmt"/>
      <line num="336" count="1" type="cond" truecount="1" falsecount="1"/>
      <line num="337" count="0" type="stmt"/>
      <line num="341" count="1" type="stmt"/>
      <line num="344" count="0" type="stmt"/>
      <line num="347" count="0" type="stmt"/>
      <line num="352" count="9" type="cond" truecount="2" falsecount="0"/>
      <line num="353" count="3" type="cond" truecount="2" falsecount="0"/>
      <line num="354" count="1" type="stmt"/>
      <line num="355" count="1" type="cond" truecount="1" falsecount="1"/>
      <line num="356" count="0" type="stmt"/>
      <line num="360" count="1" type="stmt"/>
      <line num="361" count="15" type="stmt"/>
      <line num="362" count="15" type="stmt"/>
      <line num="363" count="15" type="cond" truecount="2" falsecount="2"/>
      <line num="365" count="1" type="stmt"/>
      <line num="366" count="1" type="cond" truecount="1" falsecount="1"/>
      <line num="367" count="0" type="stmt"/>
      <line num="371" count="1" type="stmt"/>
      <line num="372" count="16" type="stmt"/>
      <line num="373" count="16" type="stmt"/>
      <line num="374" count="16" type="cond" truecount="2" falsecount="2"/>
      <line num="376" count="1" type="stmt"/>
      <line num="377" count="1" type="cond" truecount="1" falsecount="1"/>
      <line num="378" count="0" type="stmt"/>
      <line num="382" count="1" type="stmt"/>
      <line num="383" count="15" type="stmt"/>
      <line num="384" count="15" type="stmt"/>
      <line num="385" count="15" type="cond" truecount="2" falsecount="2"/>
      <line num="387" count="1" type="stmt"/>
      <line num="388" count="16" type="stmt"/>
      <line num="389" count="272" type="cond" truecount="2" falsecount="0"/>
      <line num="395" count="16" type="stmt"/>
      <line num="396" count="10544" type="cond" truecount="2" falsecount="0"/>
      <line num="404" count="10464" type="stmt"/>
      <line num="405" count="10464" type="stmt"/>
      <line num="410" count="16" type="stmt"/>
      <line num="411" count="256" type="cond" truecount="2" falsecount="0"/>
      <line num="417" count="16" type="stmt"/>
      <line num="418" count="10544" type="cond" truecount="2" falsecount="0"/>
      <line num="426" count="10464" type="stmt"/>
      <line num="427" count="10464" type="stmt"/>
      <line num="434" count="1" type="cond" truecount="1" falsecount="1"/>
      <line num="435" count="1" type="cond" truecount="1" falsecount="1"/>
      <line num="436" count="1" type="stmt"/>
      <line num="437" count="0" type="cond" truecount="0" falsecount="2"/>
      <line num="438" count="0" type="stmt"/>
      <line num="439" count="0" type="cond" truecount="0" falsecount="2"/>
      <line num="440" count="0" type="stmt"/>
      <line num="444" count="0" type="stmt"/>
      <line num="447" count="0" type="stmt"/>
      <line num="450" count="0" type="stmt"/>
      <line num="456" count="2" type="stmt"/>
      <line num="457" count="2" type="cond" truecount="1" falsecount="1"/>
      <line num="458" count="0" type="stmt"/>
      <line num="462" count="2" type="cond" truecount="1" falsecount="1"/>
      <line num="463" count="2" type="cond" truecount="2" falsecount="0"/>
      <line num="464" count="1" type="stmt"/>
      <line num="465" count="1" type="cond" truecount="1" falsecount="1"/>
      <line num="466" count="1" type="stmt"/>
      <line num="467" count="1" type="cond" truecount="1" falsecount="1"/>
      <line num="468" count="0" type="stmt"/>
      <line num="472" count="1" type="stmt"/>
      <line num="475" count="0" type="stmt"/>
      <line num="478" count="0" type="stmt"/>
      <line num="482" count="6" type="cond" truecount="2" falsecount="0"/>
      <line num="483" count="3" type="cond" truecount="2" falsecount="0"/>
      <line num="484" count="1" type="stmt"/>
      <line num="485" count="1" type="cond" truecount="1" falsecount="1"/>
      <line num="486" count="0" type="stmt"/>
      <line num="490" count="1" type="stmt"/>
      <line num="491" count="4" type="stmt"/>
      <line num="492" count="4" type="stmt"/>
      <line num="493" count="4" type="cond" truecount="3" falsecount="1"/>
      <line num="495" count="1" type="stmt"/>
      <line num="496" count="1" type="cond" truecount="1" falsecount="1"/>
      <line num="497" count="0" type="stmt"/>
      <line num="501" count="1" type="stmt"/>
      <line num="502" count="4" type="stmt"/>
      <line num="503" count="4" type="stmt"/>
      <line num="504" count="4" type="cond" truecount="3" falsecount="1"/>
      <line num="506" count="1" type="stmt"/>
      <line num="507" count="1" type="cond" truecount="1" falsecount="1"/>
      <line num="508" count="0" type="stmt"/>
      <line num="512" count="1" type="stmt"/>
      <line num="513" count="4" type="stmt"/>
      <line num="514" count="4" type="stmt"/>
      <line num="515" count="4" type="cond" truecount="3" falsecount="1"/>
      <line num="517" count="1" type="stmt"/>
      <line num="518" count="3" type="stmt"/>
      <line num="519" count="9" type="cond" truecount="2" falsecount="0"/>
      <line num="525" count="3" type="stmt"/>
      <line num="526" count="1977" type="cond" truecount="2" falsecount="0"/>
      <line num="534" count="1962" type="stmt"/>
      <line num="535" count="1962" type="stmt"/>
      <line num="540" count="3" type="stmt"/>
      <line num="541" count="9" type="cond" truecount="2" falsecount="0"/>
      <line num="547" count="3" type="stmt"/>
      <line num="548" count="1977" type="cond" truecount="2" falsecount="0"/>
      <line num="556" count="1962" type="stmt"/>
      <line num="557" count="1962" type="stmt"/>
      <line num="564" count="1" type="cond" truecount="1" falsecount="1"/>
      <line num="565" count="1" type="cond" truecount="1" falsecount="1"/>
      <line num="566" count="1" type="stmt"/>
      <line num="567" count="0" type="cond" truecount="0" falsecount="2"/>
      <line num="568" count="0" type="stmt"/>
      <line num="569" count="0" type="cond" truecount="0" falsecount="2"/>
      <line num="570" count="0" type="stmt"/>
      <line num="574" count="0" type="stmt"/>
      <line num="577" count="0" type="stmt"/>
      <line num="580" count="0" type="stmt"/>
      <line num="586" count="2" type="stmt"/>
      <line num="587" count="2" type="cond" truecount="1" falsecount="1"/>
      <line num="588" count="0" type="stmt"/>
      <line num="592" count="2" type="cond" truecount="1" falsecount="1"/>
      <line num="593" count="2" type="cond" truecount="2" falsecount="0"/>
      <line num="594" count="1" type="stmt"/>
      <line num="595" count="1" type="cond" truecount="1" falsecount="1"/>
      <line num="596" count="1" type="stmt"/>
      <line num="597" count="1" type="cond" truecount="1" falsecount="1"/>
      <line num="598" count="0" type="stmt"/>
      <line num="602" count="1" type="stmt"/>
      <line num="605" count="0" type="stmt"/>
      <line num="608" count="0" type="stmt"/>
      <line num="613" count="3" type="cond" truecount="2" falsecount="0"/>
      <line num="614" count="1" type="stmt"/>
      <line num="615" count="1" type="cond" truecount="1" falsecount="1"/>
      <line num="616" count="0" type="stmt"/>
      <line num="620" count="1" type="stmt"/>
      <line num="621" count="1912" type="stmt"/>
      <line num="622" count="1912" type="stmt"/>
      <line num="623" count="1912" type="cond" truecount="4" falsecount="0"/>
      <line num="625" count="1" type="stmt"/>
      <line num="626" count="1" type="cond" truecount="1" falsecount="1"/>
      <line num="627" count="0" type="stmt"/>
      <line num="631" count="1" type="stmt"/>
      <line num="632" count="1943" type="stmt"/>
      <line num="633" count="1943" type="stmt"/>
      <line num="634" count="1943" type="cond" truecount="4" falsecount="0"/>
      <line num="636" count="1" type="stmt"/>
      <line num="637" count="1" type="cond" truecount="1" falsecount="1"/>
      <line num="638" count="0" type="stmt"/>
      <line num="642" count="1" type="stmt"/>
      <line num="643" count="1893" type="stmt"/>
      <line num="644" count="1893" type="stmt"/>
      <line num="645" count="1893" type="cond" truecount="4" falsecount="0"/>
      <line num="647" count="1" type="stmt"/>
      <line num="648" count="280" type="stmt"/>
      <line num="649" count="80080" type="cond" truecount="2" falsecount="0"/>
      <line num="655" count="280" type="stmt"/>
      <line num="656" count="184520" type="cond" truecount="2" falsecount="0"/>
      <line num="664" count="183120" type="stmt"/>
      <line num="665" count="183120" type="stmt"/>
      <line num="670" count="280" type="stmt"/>
      <line num="671" count="78400" type="cond" truecount="2" falsecount="0"/>
      <line num="677" count="280" type="stmt"/>
      <line num="678" count="184520" type="cond" truecount="2" falsecount="0"/>
      <line num="686" count="183120" type="stmt"/>
      <line num="687" count="183120" type="stmt"/>
      <line num="694" count="1" type="cond" truecount="1" falsecount="1"/>
      <line num="695" count="1" type="cond" truecount="1" falsecount="1"/>
      <line num="696" count="1" type="stmt"/>
      <line num="697" count="0" type="cond" truecount="0" falsecount="2"/>
      <line num="698" count="0" type="stmt"/>
      <line num="699" count="0" type="cond" truecount="0" falsecount="2"/>
      <line num="700" count="0" type="stmt"/>
      <line num="704" count="0" type="stmt"/>
      <line num="707" count="0" type="stmt"/>
      <line num="710" count="0" type="stmt"/>
      <line num="716" count="2" type="stmt"/>
      <line num="717" count="2" type="cond" truecount="1" falsecount="1"/>
      <line num="718" count="0" type="stmt"/>
      <line num="722" count="2" type="stmt"/>
      <line num="723" count="3824" type="stmt"/>
      <line num="724" count="3824" type="stmt"/>
      <line num="725" count="3824" type="cond" truecount="4" falsecount="0"/>
      <line num="727" count="2" type="cond" truecount="1" falsecount="1"/>
      <line num="728" count="2" type="cond" truecount="2" falsecount="0"/>
      <line num="729" count="1" type="stmt"/>
      <line num="730" count="1" type="cond" truecount="1" falsecount="1"/>
      <line num="731" count="1" type="stmt"/>
      <line num="732" count="1" type="cond" truecount="1" falsecount="1"/>
      <line num="733" count="0" type="stmt"/>
      <line num="737" count="1" type="stmt"/>
      <line num="740" count="0" type="stmt"/>
      <line num="743" count="0" type="stmt"/>
      <line num="750" count="1" type="stmt"/>
      <line num="751" count="0" type="stmt"/>
      <line num="755" count="1" type="stmt"/>
      <line num="756" count="3" type="cond" truecount="1" falsecount="1"/>
      <line num="757" count="0" type="stmt"/>
      <line num="762" count="3" type="stmt"/>
      <line num="763" count="3" type="stmt"/>
      <line num="765" count="3" type="stmt"/>
      <line num="766" count="3" type="cond" truecount="2" falsecount="0"/>
      <line num="767" count="1" type="stmt"/>
      <line num="773" count="2" type="stmt"/>
      <line num="774" count="2" type="stmt"/>
      <line num="775" count="2" type="stmt"/>
      <line num="778" count="0" type="stmt"/>
      <line num="781" count="8004" type="stmt"/>
      <line num="782" count="8004" type="stmt"/>
      <line num="783" count="8004" type="stmt"/>
      <line num="784" count="8004" type="stmt"/>
      <line num="785" count="8004" type="stmt"/>
      <line num="793" count="8004" type="stmt"/>
      <line num="796" count="2" type="stmt"/>
      <line num="799" count="0" type="stmt"/>
      <line num="800" count="0" type="stmt"/>
      <line num="804" count="2" type="stmt"/>
      <line num="810" count="1" type="stmt"/>
      <line num="811" count="4" type="stmt"/>
      <line num="812" count="4" type="stmt"/>
      <line num="814" count="4" type="stmt"/>
      <line num="815" count="4" type="stmt"/>
      <line num="816" count="4" type="stmt"/>
      <line num="818" count="4" type="stmt"/>
      <line num="819" count="4" type="cond" truecount="2" falsecount="0"/>
      <line num="820" count="2" type="stmt"/>
      <line num="821" count="2" type="stmt"/>
      <line num="822" count="3" type="stmt"/>
      <line num="823" count="3" type="stmt"/>
      <line num="825" count="2" type="stmt"/>
      <line num="828" count="4" type="stmt"/>
      <line num="829" count="4" type="cond" truecount="2" falsecount="0"/>
      <line num="830" count="2" type="stmt"/>
      <line num="831" count="2" type="stmt"/>
      <line num="832" count="6" type="stmt"/>
      <line num="833" count="6" type="stmt"/>
      <line num="835" count="2" type="stmt"/>
      <line num="838" count="4" type="stmt"/>
      <line num="839" count="4" type="stmt"/>
      <line num="840" count="4" type="stmt"/>
      <line num="841" count="4" type="stmt"/>
      <line num="842" count="4" type="stmt"/>
      <line num="843" count="4" type="stmt"/>
      <line num="844" count="4" type="stmt"/>
      <line num="845" count="4" type="stmt"/>
      <line num="846" count="4" type="stmt"/>
      <line num="847" count="4" type="stmt"/>
      <line num="849" count="4" type="stmt"/>
      <line num="850" count="4" type="cond" truecount="1" falsecount="1"/>
      <line num="851" count="4" type="stmt"/>
      <line num="852" count="4" type="cond" truecount="1" falsecount="1"/>
      <line num="853" count="4" type="stmt"/>
      <line num="855" count="0" type="stmt"/>
      <line num="856" count="0" type="stmt"/>
      <line num="857" count="0" type="stmt"/>
      <line num="858" count="0" type="stmt"/>
      <line num="859" count="0" type="stmt"/>
      <line num="860" count="0" type="stmt"/>
      <line num="861" count="0" type="stmt"/>
      <line num="862" count="0" type="stmt"/>
      <line num="863" count="0" type="stmt"/>
      <line num="867" count="0" type="stmt"/>
      <line num="868" count="0" type="stmt"/>
      <line num="869" count="0" type="stmt"/>
      <line num="870" count="0" type="stmt"/>
      <line num="871" count="0" type="stmt"/>
      <line num="872" count="0" type="stmt"/>
      <line num="873" count="0" type="stmt"/>
      <line num="874" count="0" type="stmt"/>
      <line num="875" count="0" type="stmt"/>
      <line num="879" count="4" type="cond" truecount="4" falsecount="0"/>
      <line num="880" count="1" type="stmt"/>
      <line num="882" count="2" type="stmt"/>
      <line num="884" count="6" type="stmt"/>
      <line num="889" count="1" type="cond" truecount="1" falsecount="1"/>
      <line num="890" count="0" type="stmt"/>
      <line num="895" count="1" type="stmt"/>
      <line num="896" count="1" type="stmt"/>
      <line num="897" count="1" type="stmt"/>
      <line num="898" count="1" type="cond" truecount="2" falsecount="2"/>
      <line num="900" count="1" type="stmt"/>
      <line num="901" count="2" type="cond" truecount="2" falsecount="0"/>
      <line num="902" count="2" type="stmt"/>
      <line num="904" count="1" type="cond" truecount="1" falsecount="1"/>
      <line num="905" count="1" type="cond" truecount="1" falsecount="1"/>
      <line num="906" count="0" type="stmt"/>
      <line num="907" count="1" type="cond" truecount="1" falsecount="1"/>
      <line num="908" count="1" type="stmt"/>
      <line num="909" count="1" type="cond" truecount="1" falsecount="1"/>
      <line num="910" count="0" type="stmt"/>
      <line num="914" count="1" type="stmt"/>
      <line num="917" count="0" type="stmt"/>
      <line num="920" count="0" type="stmt"/>
      <line num="924" count="3" type="cond" truecount="2" falsecount="0"/>
      <line num="925" count="1" type="stmt"/>
      <line num="926" count="1" type="stmt"/>
      <line num="929" count="1" type="cond" truecount="1" falsecount="1"/>
      <line num="930" count="0" type="stmt"/>
      <line num="935" count="1" type="stmt"/>
      <line num="936" count="33" type="stmt"/>
      <line num="937" count="33" type="stmt"/>
      <line num="938" count="33" type="cond" truecount="2" falsecount="2"/>
      <line num="940" count="1" type="stmt"/>
      <line num="941" count="34" type="cond" truecount="2" falsecount="0"/>
      <line num="943" count="34" type="stmt"/>
      <line num="945" count="1" type="cond" truecount="1" falsecount="1"/>
      <line num="946" count="1" type="cond" truecount="1" falsecount="1"/>
      <line num="947" count="0" type="stmt"/>
      <line num="948" count="1" type="cond" truecount="1" falsecount="1"/>
      <line num="949" count="1" type="stmt"/>
      <line num="950" count="1" type="cond" truecount="1" falsecount="1"/>
      <line num="951" count="0" type="stmt"/>
      <line num="955" count="1" type="stmt"/>
      <line num="958" count="0" type="stmt"/>
      <line num="961" count="0" type="stmt"/>
      <line num="965" count="2" type="cond" truecount="2" falsecount="0"/>
      <line num="966" count="1" type="stmt"/>
      <line num="967" count="3" type="stmt"/>
      <line num="970" count="1" type="cond" truecount="1" falsecount="1"/>
      <line num="971" count="0" type="stmt"/>
      <line num="976" count="1" type="stmt"/>
      <line num="977" count="3" type="stmt"/>
      <line num="978" count="3" type="stmt"/>
      <line num="979" count="3" type="cond" truecount="2" falsecount="2"/>
      <line num="981" count="1" type="stmt"/>
      <line num="982" count="4" type="cond" truecount="2" falsecount="0"/>
      <line num="983" count="4" type="stmt"/>
      <line num="985" count="1" type="cond" truecount="1" falsecount="1"/>
      <line num="986" count="1" type="cond" truecount="1" falsecount="1"/>
      <line num="987" count="0" type="stmt"/>
      <line num="988" count="1" type="cond" truecount="1" falsecount="1"/>
      <line num="989" count="1" type="stmt"/>
      <line num="990" count="1" type="cond" truecount="1" falsecount="1"/>
      <line num="991" count="0" type="stmt"/>
      <line num="995" count="1" type="stmt"/>
      <line num="998" count="0" type="stmt"/>
      <line num="1001" count="0" type="stmt"/>
      <line num="1006" count="1" type="stmt"/>
      <line num="1007" count="1" type="cond" truecount="1" falsecount="1"/>
      <line num="1008" count="0" type="stmt"/>
      <line num="1013" count="1" type="stmt"/>
      <line num="1014" count="4001" type="stmt"/>
      <line num="1015" count="4001" type="stmt"/>
      <line num="1016" count="4001" type="cond" truecount="2" falsecount="2"/>
      <line num="1018" count="1" type="stmt"/>
      <line num="1019" count="4002" type="cond" truecount="2" falsecount="0"/>
      <line num="1020" count="4002" type="stmt"/>
      <line num="1022" count="1" type="cond" truecount="1" falsecount="1"/>
      <line num="1023" count="1" type="cond" truecount="1" falsecount="1"/>
      <line num="1024" count="0" type="stmt"/>
      <line num="1025" count="1" type="cond" truecount="1" falsecount="1"/>
      <line num="1026" count="1" type="stmt"/>
      <line num="1027" count="1" type="cond" truecount="1" falsecount="1"/>
      <line num="1028" count="0" type="stmt"/>
      <line num="1032" count="1" type="stmt"/>
      <line num="1035" count="0" type="stmt"/>
      <line num="1038" count="0" type="stmt"/>
      <line num="1044" count="1" type="stmt"/>
    </file>
  </project>
</coverage>
