{"/Users/muraligopalswamy/Desktop/csc301a2current/assignment-2-56-kaushikmurali01-hyeonjeongbyeon/app.js": {"path":"/Users/muraligopalswamy/Desktop/csc301a2current/assignment-2-56-kaushikmurali01-hyeonjeongbyeon/app.js","statementMap":{"0":{"start":{"line":1,"column":18},"end":{"line":1,"column":33}},"1":{"start":{"line":3,"column":16},"end":{"line":3,"column":57}},"2":{"start":{"line":4,"column":13},"end":{"line":4,"column":51}},"3":{"start":{"line":5,"column":16},"end":{"line":5,"column":57}},"4":{"start":{"line":6,"column":12},"end":{"line":6,"column":37}},"5":{"start":{"line":7,"column":0},"end":{"line":7,"column":25}},"6":{"start":{"line":8,"column":0},"end":{"line":8,"column":22}},"7":{"start":{"line":9,"column":0},"end":{"line":9,"column":25}},"8":{"start":{"line":10,"column":0},"end":{"line":10,"column":21}},"9":{"start":{"line":11,"column":18},"end":{"line":11,"column":39}},"10":{"start":{"line":13,"column":15},"end":{"line":13,"column":32}},"11":{"start":{"line":14,"column":12},"end":{"line":14,"column":31}},"12":{"start":{"line":16,"column":11},"end":{"line":16,"column":24}},"13":{"start":{"line":17,"column":16},"end":{"line":17,"column":34}},"14":{"start":{"line":19,"column":12},"end":{"line":19,"column":21}},"15":{"start":{"line":22,"column":0},"end":{"line":22,"column":29}},"16":{"start":{"line":25,"column":16},"end":{"line":32,"column":2}},"17":{"start":{"line":27,"column":4},"end":{"line":27,"column":38}},"18":{"start":{"line":30,"column":4},"end":{"line":30,"column":74}},"19":{"start":{"line":35,"column":18},"end":{"line":41,"column":1}},"20":{"start":{"line":36,"column":2},"end":{"line":40,"column":3}},"21":{"start":{"line":37,"column":4},"end":{"line":37,"column":19}},"22":{"start":{"line":39,"column":4},"end":{"line":39,"column":46}},"23":{"start":{"line":42,"column":15},"end":{"line":42,"column":66}},"24":{"start":{"line":45,"column":0},"end":{"line":121,"column":3}},"25":{"start":{"line":46,"column":2},"end":{"line":50,"column":3}},"26":{"start":{"line":47,"column":4},"end":{"line":49,"column":7}},"27":{"start":{"line":52,"column":17},"end":{"line":52,"column":32}},"28":{"start":{"line":53,"column":2},"end":{"line":55,"column":3}},"29":{"start":{"line":54,"column":4},"end":{"line":54,"column":25}},"30":{"start":{"line":56,"column":2},"end":{"line":58,"column":3}},"31":{"start":{"line":57,"column":4},"end":{"line":57,"column":22}},"32":{"start":{"line":59,"column":2},"end":{"line":61,"column":3}},"33":{"start":{"line":60,"column":4},"end":{"line":60,"column":25}},"34":{"start":{"line":62,"column":13},"end":{"line":62,"column":18}},"35":{"start":{"line":63,"column":2},"end":{"line":117,"column":3}},"36":{"start":{"line":64,"column":4},"end":{"line":68,"column":5}},"37":{"start":{"line":65,"column":6},"end":{"line":67,"column":9}},"38":{"start":{"line":71,"column":18},"end":{"line":71,"column":20}},"39":{"start":{"line":72,"column":19},"end":{"line":72,"column":62}},"40":{"start":{"line":73,"column":18},"end":{"line":73,"column":69}},"41":{"start":{"line":74,"column":15},"end":{"line":74,"column":34}},"42":{"start":{"line":75,"column":13},"end":{"line":75,"column":32}},"43":{"start":{"line":76,"column":4},"end":{"line":82,"column":5}},"44":{"start":{"line":76,"column":19},"end":{"line":76,"column":23}},"45":{"start":{"line":77,"column":15},"end":{"line":77,"column":36}},"46":{"start":{"line":78,"column":15},"end":{"line":78,"column":41}},"47":{"start":{"line":79,"column":17},"end":{"line":79,"column":45}},"48":{"start":{"line":80,"column":20},"end":{"line":80,"column":59}},"49":{"start":{"line":81,"column":6},"end":{"line":81,"column":26}},"50":{"start":{"line":84,"column":4},"end":{"line":111,"column":9}},"51":{"start":{"line":87,"column":8},"end":{"line":87,"column":30}},"52":{"start":{"line":90,"column":8},"end":{"line":90,"column":26}},"53":{"start":{"line":91,"column":18},"end":{"line":91,"column":19}},"54":{"start":{"line":92,"column":8},"end":{"line":97,"column":9}},"55":{"start":{"line":93,"column":10},"end":{"line":93,"column":16}},"56":{"start":{"line":94,"column":10},"end":{"line":96,"column":11}},"57":{"start":{"line":95,"column":12},"end":{"line":95,"column":24}},"58":{"start":{"line":98,"column":8},"end":{"line":100,"column":9}},"59":{"start":{"line":99,"column":10},"end":{"line":99,"column":22}},"60":{"start":{"line":101,"column":21},"end":{"line":106,"column":9}},"61":{"start":{"line":107,"column":8},"end":{"line":107,"column":53}},"62":{"start":{"line":110,"column":8},"end":{"line":110,"column":32}},"63":{"start":{"line":113,"column":4},"end":{"line":113,"column":39}},"64":{"start":{"line":114,"column":4},"end":{"line":116,"column":7}},"65":{"start":{"line":118,"column":2},"end":{"line":120,"column":5}},"66":{"start":{"line":124,"column":0},"end":{"line":748,"column":3}},"67":{"start":{"line":125,"column":2},"end":{"line":129,"column":3}},"68":{"start":{"line":126,"column":4},"end":{"line":128,"column":7}},"69":{"start":{"line":131,"column":17},"end":{"line":131,"column":32}},"70":{"start":{"line":132,"column":2},"end":{"line":134,"column":3}},"71":{"start":{"line":133,"column":4},"end":{"line":133,"column":25}},"72":{"start":{"line":135,"column":2},"end":{"line":137,"column":3}},"73":{"start":{"line":136,"column":4},"end":{"line":136,"column":22}},"74":{"start":{"line":138,"column":2},"end":{"line":140,"column":3}},"75":{"start":{"line":139,"column":4},"end":{"line":139,"column":25}},"76":{"start":{"line":141,"column":2},"end":{"line":150,"column":3}},"77":{"start":{"line":147,"column":4},"end":{"line":149,"column":7}},"78":{"start":{"line":152,"column":15},"end":{"line":152,"column":17}},"79":{"start":{"line":153,"column":24},"end":{"line":153,"column":29}},"80":{"start":{"line":154,"column":24},"end":{"line":154,"column":29}},"81":{"start":{"line":156,"column":20},"end":{"line":156,"column":22}},"82":{"start":{"line":157,"column":2},"end":{"line":164,"column":3}},"83":{"start":{"line":158,"column":24},"end":{"line":158,"column":54}},"84":{"start":{"line":159,"column":4},"end":{"line":162,"column":5}},"85":{"start":{"line":159,"column":17},"end":{"line":159,"column":18}},"86":{"start":{"line":160,"column":18},"end":{"line":160,"column":56}},"87":{"start":{"line":161,"column":6},"end":{"line":161,"column":26}},"88":{"start":{"line":163,"column":4},"end":{"line":163,"column":27}},"89":{"start":{"line":166,"column":20},"end":{"line":166,"column":22}},"90":{"start":{"line":167,"column":2},"end":{"line":174,"column":3}},"91":{"start":{"line":168,"column":25},"end":{"line":168,"column":55}},"92":{"start":{"line":169,"column":4},"end":{"line":172,"column":5}},"93":{"start":{"line":169,"column":17},"end":{"line":169,"column":18}},"94":{"start":{"line":170,"column":18},"end":{"line":170,"column":57}},"95":{"start":{"line":171,"column":6},"end":{"line":171,"column":26}},"96":{"start":{"line":173,"column":4},"end":{"line":173,"column":27}},"97":{"start":{"line":176,"column":16},"end":{"line":176,"column":18}},"98":{"start":{"line":177,"column":2},"end":{"line":196,"column":3}},"99":{"start":{"line":178,"column":4},"end":{"line":178,"column":32}},"100":{"start":{"line":179,"column":4},"end":{"line":179,"column":32}},"101":{"start":{"line":180,"column":4},"end":{"line":180,"column":21}},"102":{"start":{"line":181,"column":4},"end":{"line":181,"column":22}},"103":{"start":{"line":182,"column":22},"end":{"line":182,"column":48}},"104":{"start":{"line":183,"column":4},"end":{"line":195,"column":5}},"105":{"start":{"line":184,"column":6},"end":{"line":184,"column":33}},"106":{"start":{"line":186,"column":17},"end":{"line":186,"column":41}},"107":{"start":{"line":187,"column":15},"end":{"line":187,"column":39}},"108":{"start":{"line":188,"column":6},"end":{"line":194,"column":7}},"109":{"start":{"line":188,"column":21},"end":{"line":188,"column":25}},"110":{"start":{"line":189,"column":17},"end":{"line":189,"column":38}},"111":{"start":{"line":190,"column":17},"end":{"line":190,"column":43}},"112":{"start":{"line":191,"column":19},"end":{"line":191,"column":47}},"113":{"start":{"line":192,"column":22},"end":{"line":192,"column":61}},"114":{"start":{"line":193,"column":8},"end":{"line":193,"column":25}},"115":{"start":{"line":198,"column":2},"end":{"line":747,"column":3}},"116":{"start":{"line":199,"column":4},"end":{"line":351,"column":5}},"117":{"start":{"line":200,"column":6},"end":{"line":320,"column":8}},"118":{"start":{"line":201,"column":37},"end":{"line":201,"column":61}},"119":{"start":{"line":204,"column":10},"end":{"line":208,"column":11}},"120":{"start":{"line":205,"column":12},"end":{"line":207,"column":77}},"121":{"start":{"line":209,"column":10},"end":{"line":213,"column":13}},"122":{"start":{"line":210,"column":24},"end":{"line":210,"column":57}},"123":{"start":{"line":211,"column":24},"end":{"line":211,"column":57}},"124":{"start":{"line":212,"column":12},"end":{"line":212,"column":62}},"125":{"start":{"line":214,"column":10},"end":{"line":318,"column":12}},"126":{"start":{"line":215,"column":41},"end":{"line":215,"column":65}},"127":{"start":{"line":218,"column":14},"end":{"line":222,"column":15}},"128":{"start":{"line":219,"column":16},"end":{"line":221,"column":19}},"129":{"start":{"line":223,"column":14},"end":{"line":227,"column":17}},"130":{"start":{"line":224,"column":28},"end":{"line":224,"column":61}},"131":{"start":{"line":225,"column":28},"end":{"line":225,"column":61}},"132":{"start":{"line":226,"column":16},"end":{"line":226,"column":66}},"133":{"start":{"line":228,"column":14},"end":{"line":316,"column":16}},"134":{"start":{"line":229,"column":45},"end":{"line":229,"column":69}},"135":{"start":{"line":232,"column":18},"end":{"line":236,"column":19}},"136":{"start":{"line":233,"column":20},"end":{"line":235,"column":23}},"137":{"start":{"line":237,"column":18},"end":{"line":241,"column":21}},"138":{"start":{"line":238,"column":32},"end":{"line":238,"column":65}},"139":{"start":{"line":239,"column":32},"end":{"line":239,"column":65}},"140":{"start":{"line":240,"column":20},"end":{"line":240,"column":70}},"141":{"start":{"line":242,"column":18},"end":{"line":293,"column":19}},"142":{"start":{"line":242,"column":31},"end":{"line":242,"column":32}},"143":{"start":{"line":243,"column":20},"end":{"line":267,"column":21}},"144":{"start":{"line":243,"column":33},"end":{"line":243,"column":34}},"145":{"start":{"line":244,"column":22},"end":{"line":266,"column":23}},"146":{"start":{"line":252,"column":24},"end":{"line":265,"column":25}},"147":{"start":{"line":253,"column":26},"end":{"line":264,"column":27}},"148":{"start":{"line":261,"column":30},"end":{"line":262,"column":54}},"149":{"start":{"line":263,"column":28},"end":{"line":263,"column":60}},"150":{"start":{"line":268,"column":20},"end":{"line":292,"column":21}},"151":{"start":{"line":268,"column":33},"end":{"line":268,"column":34}},"152":{"start":{"line":269,"column":22},"end":{"line":291,"column":23}},"153":{"start":{"line":277,"column":24},"end":{"line":290,"column":25}},"154":{"start":{"line":278,"column":26},"end":{"line":289,"column":27}},"155":{"start":{"line":286,"column":30},"end":{"line":287,"column":54}},"156":{"start":{"line":288,"column":28},"end":{"line":288,"column":60}},"157":{"start":{"line":295,"column":18},"end":{"line":314,"column":19}},"158":{"start":{"line":296,"column":20},"end":{"line":311,"column":21}},"159":{"start":{"line":297,"column":22},"end":{"line":297,"column":38}},"160":{"start":{"line":298,"column":27},"end":{"line":311,"column":21}},"161":{"start":{"line":299,"column":22},"end":{"line":306,"column":25}},"162":{"start":{"line":300,"column":24},"end":{"line":302,"column":25}},"163":{"start":{"line":301,"column":26},"end":{"line":301,"column":36}},"164":{"start":{"line":305,"column":24},"end":{"line":305,"column":38}},"165":{"start":{"line":308,"column":22},"end":{"line":310,"column":68}},"166":{"start":{"line":313,"column":20},"end":{"line":313,"column":36}},"167":{"start":{"line":322,"column":6},"end":{"line":350,"column":8}},"168":{"start":{"line":323,"column":37},"end":{"line":323,"column":61}},"169":{"start":{"line":326,"column":10},"end":{"line":330,"column":11}},"170":{"start":{"line":327,"column":12},"end":{"line":329,"column":77}},"171":{"start":{"line":331,"column":10},"end":{"line":348,"column":11}},"172":{"start":{"line":332,"column":12},"end":{"line":345,"column":13}},"173":{"start":{"line":333,"column":14},"end":{"line":333,"column":29}},"174":{"start":{"line":334,"column":19},"end":{"line":345,"column":13}},"175":{"start":{"line":335,"column":14},"end":{"line":342,"column":17}},"176":{"start":{"line":336,"column":16},"end":{"line":338,"column":17}},"177":{"start":{"line":337,"column":18},"end":{"line":337,"column":28}},"178":{"start":{"line":341,"column":16},"end":{"line":341,"column":30}},"179":{"start":{"line":344,"column":14},"end":{"line":344,"column":73}},"180":{"start":{"line":347,"column":12},"end":{"line":347,"column":27}},"181":{"start":{"line":352,"column":9},"end":{"line":747,"column":3}},"182":{"start":{"line":353,"column":4},"end":{"line":481,"column":5}},"183":{"start":{"line":354,"column":6},"end":{"line":454,"column":9}},"184":{"start":{"line":355,"column":8},"end":{"line":359,"column":9}},"185":{"start":{"line":356,"column":10},"end":{"line":358,"column":75}},"186":{"start":{"line":360,"column":8},"end":{"line":364,"column":11}},"187":{"start":{"line":361,"column":22},"end":{"line":361,"column":55}},"188":{"start":{"line":362,"column":22},"end":{"line":362,"column":55}},"189":{"start":{"line":363,"column":10},"end":{"line":363,"column":60}},"190":{"start":{"line":365,"column":8},"end":{"line":453,"column":11}},"191":{"start":{"line":366,"column":10},"end":{"line":370,"column":11}},"192":{"start":{"line":367,"column":12},"end":{"line":369,"column":77}},"193":{"start":{"line":371,"column":10},"end":{"line":375,"column":13}},"194":{"start":{"line":372,"column":24},"end":{"line":372,"column":57}},"195":{"start":{"line":373,"column":24},"end":{"line":373,"column":57}},"196":{"start":{"line":374,"column":12},"end":{"line":374,"column":62}},"197":{"start":{"line":376,"column":10},"end":{"line":452,"column":13}},"198":{"start":{"line":377,"column":12},"end":{"line":381,"column":13}},"199":{"start":{"line":378,"column":14},"end":{"line":380,"column":79}},"200":{"start":{"line":382,"column":12},"end":{"line":386,"column":15}},"201":{"start":{"line":383,"column":26},"end":{"line":383,"column":59}},"202":{"start":{"line":384,"column":26},"end":{"line":384,"column":59}},"203":{"start":{"line":385,"column":14},"end":{"line":385,"column":64}},"204":{"start":{"line":387,"column":12},"end":{"line":432,"column":13}},"205":{"start":{"line":387,"column":25},"end":{"line":387,"column":26}},"206":{"start":{"line":388,"column":14},"end":{"line":409,"column":15}},"207":{"start":{"line":388,"column":27},"end":{"line":388,"column":28}},"208":{"start":{"line":389,"column":16},"end":{"line":408,"column":17}},"209":{"start":{"line":395,"column":18},"end":{"line":407,"column":19}},"210":{"start":{"line":396,"column":20},"end":{"line":406,"column":21}},"211":{"start":{"line":404,"column":24},"end":{"line":404,"column":75}},"212":{"start":{"line":405,"column":22},"end":{"line":405,"column":54}},"213":{"start":{"line":410,"column":14},"end":{"line":431,"column":15}},"214":{"start":{"line":410,"column":27},"end":{"line":410,"column":28}},"215":{"start":{"line":411,"column":16},"end":{"line":430,"column":17}},"216":{"start":{"line":417,"column":18},"end":{"line":429,"column":19}},"217":{"start":{"line":418,"column":20},"end":{"line":428,"column":21}},"218":{"start":{"line":426,"column":24},"end":{"line":426,"column":75}},"219":{"start":{"line":427,"column":22},"end":{"line":427,"column":54}},"220":{"start":{"line":434,"column":12},"end":{"line":451,"column":13}},"221":{"start":{"line":435,"column":14},"end":{"line":448,"column":15}},"222":{"start":{"line":436,"column":16},"end":{"line":436,"column":32}},"223":{"start":{"line":437,"column":21},"end":{"line":448,"column":15}},"224":{"start":{"line":438,"column":16},"end":{"line":445,"column":19}},"225":{"start":{"line":439,"column":18},"end":{"line":441,"column":19}},"226":{"start":{"line":440,"column":20},"end":{"line":440,"column":30}},"227":{"start":{"line":444,"column":18},"end":{"line":444,"column":32}},"228":{"start":{"line":447,"column":16},"end":{"line":447,"column":75}},"229":{"start":{"line":450,"column":14},"end":{"line":450,"column":30}},"230":{"start":{"line":456,"column":6},"end":{"line":480,"column":9}},"231":{"start":{"line":457,"column":8},"end":{"line":461,"column":9}},"232":{"start":{"line":458,"column":10},"end":{"line":460,"column":75}},"233":{"start":{"line":462,"column":8},"end":{"line":479,"column":9}},"234":{"start":{"line":463,"column":10},"end":{"line":476,"column":11}},"235":{"start":{"line":464,"column":12},"end":{"line":464,"column":27}},"236":{"start":{"line":465,"column":17},"end":{"line":476,"column":11}},"237":{"start":{"line":466,"column":12},"end":{"line":473,"column":15}},"238":{"start":{"line":467,"column":14},"end":{"line":469,"column":15}},"239":{"start":{"line":468,"column":16},"end":{"line":468,"column":26}},"240":{"start":{"line":472,"column":14},"end":{"line":472,"column":28}},"241":{"start":{"line":475,"column":12},"end":{"line":475,"column":71}},"242":{"start":{"line":478,"column":10},"end":{"line":478,"column":25}},"243":{"start":{"line":482,"column":9},"end":{"line":747,"column":3}},"244":{"start":{"line":483,"column":4},"end":{"line":611,"column":5}},"245":{"start":{"line":484,"column":6},"end":{"line":584,"column":9}},"246":{"start":{"line":485,"column":8},"end":{"line":489,"column":9}},"247":{"start":{"line":486,"column":10},"end":{"line":488,"column":75}},"248":{"start":{"line":490,"column":8},"end":{"line":494,"column":11}},"249":{"start":{"line":491,"column":22},"end":{"line":491,"column":55}},"250":{"start":{"line":492,"column":22},"end":{"line":492,"column":55}},"251":{"start":{"line":493,"column":10},"end":{"line":493,"column":60}},"252":{"start":{"line":495,"column":8},"end":{"line":583,"column":11}},"253":{"start":{"line":496,"column":10},"end":{"line":500,"column":11}},"254":{"start":{"line":497,"column":12},"end":{"line":499,"column":77}},"255":{"start":{"line":501,"column":10},"end":{"line":505,"column":13}},"256":{"start":{"line":502,"column":24},"end":{"line":502,"column":57}},"257":{"start":{"line":503,"column":24},"end":{"line":503,"column":57}},"258":{"start":{"line":504,"column":12},"end":{"line":504,"column":62}},"259":{"start":{"line":506,"column":10},"end":{"line":582,"column":13}},"260":{"start":{"line":507,"column":12},"end":{"line":511,"column":13}},"261":{"start":{"line":508,"column":14},"end":{"line":510,"column":79}},"262":{"start":{"line":512,"column":12},"end":{"line":516,"column":15}},"263":{"start":{"line":513,"column":26},"end":{"line":513,"column":59}},"264":{"start":{"line":514,"column":26},"end":{"line":514,"column":59}},"265":{"start":{"line":515,"column":14},"end":{"line":515,"column":64}},"266":{"start":{"line":517,"column":12},"end":{"line":562,"column":13}},"267":{"start":{"line":517,"column":25},"end":{"line":517,"column":26}},"268":{"start":{"line":518,"column":14},"end":{"line":539,"column":15}},"269":{"start":{"line":518,"column":27},"end":{"line":518,"column":28}},"270":{"start":{"line":519,"column":16},"end":{"line":538,"column":17}},"271":{"start":{"line":525,"column":18},"end":{"line":537,"column":19}},"272":{"start":{"line":526,"column":20},"end":{"line":536,"column":21}},"273":{"start":{"line":534,"column":24},"end":{"line":534,"column":75}},"274":{"start":{"line":535,"column":22},"end":{"line":535,"column":54}},"275":{"start":{"line":540,"column":14},"end":{"line":561,"column":15}},"276":{"start":{"line":540,"column":27},"end":{"line":540,"column":28}},"277":{"start":{"line":541,"column":16},"end":{"line":560,"column":17}},"278":{"start":{"line":547,"column":18},"end":{"line":559,"column":19}},"279":{"start":{"line":548,"column":20},"end":{"line":558,"column":21}},"280":{"start":{"line":556,"column":24},"end":{"line":556,"column":75}},"281":{"start":{"line":557,"column":22},"end":{"line":557,"column":54}},"282":{"start":{"line":564,"column":12},"end":{"line":581,"column":13}},"283":{"start":{"line":565,"column":14},"end":{"line":578,"column":15}},"284":{"start":{"line":566,"column":16},"end":{"line":566,"column":32}},"285":{"start":{"line":567,"column":21},"end":{"line":578,"column":15}},"286":{"start":{"line":568,"column":16},"end":{"line":575,"column":19}},"287":{"start":{"line":569,"column":18},"end":{"line":571,"column":19}},"288":{"start":{"line":570,"column":20},"end":{"line":570,"column":30}},"289":{"start":{"line":574,"column":18},"end":{"line":574,"column":32}},"290":{"start":{"line":577,"column":16},"end":{"line":577,"column":75}},"291":{"start":{"line":580,"column":14},"end":{"line":580,"column":30}},"292":{"start":{"line":586,"column":6},"end":{"line":610,"column":9}},"293":{"start":{"line":587,"column":8},"end":{"line":591,"column":9}},"294":{"start":{"line":588,"column":10},"end":{"line":590,"column":75}},"295":{"start":{"line":592,"column":8},"end":{"line":609,"column":9}},"296":{"start":{"line":593,"column":10},"end":{"line":606,"column":11}},"297":{"start":{"line":594,"column":12},"end":{"line":594,"column":27}},"298":{"start":{"line":595,"column":17},"end":{"line":606,"column":11}},"299":{"start":{"line":596,"column":12},"end":{"line":603,"column":15}},"300":{"start":{"line":597,"column":14},"end":{"line":599,"column":15}},"301":{"start":{"line":598,"column":16},"end":{"line":598,"column":26}},"302":{"start":{"line":602,"column":14},"end":{"line":602,"column":28}},"303":{"start":{"line":605,"column":12},"end":{"line":605,"column":71}},"304":{"start":{"line":608,"column":10},"end":{"line":608,"column":25}},"305":{"start":{"line":613,"column":4},"end":{"line":746,"column":5}},"306":{"start":{"line":614,"column":6},"end":{"line":714,"column":9}},"307":{"start":{"line":615,"column":8},"end":{"line":619,"column":9}},"308":{"start":{"line":616,"column":10},"end":{"line":618,"column":75}},"309":{"start":{"line":620,"column":8},"end":{"line":624,"column":11}},"310":{"start":{"line":621,"column":22},"end":{"line":621,"column":55}},"311":{"start":{"line":622,"column":22},"end":{"line":622,"column":55}},"312":{"start":{"line":623,"column":10},"end":{"line":623,"column":60}},"313":{"start":{"line":625,"column":8},"end":{"line":713,"column":11}},"314":{"start":{"line":626,"column":10},"end":{"line":630,"column":11}},"315":{"start":{"line":627,"column":12},"end":{"line":629,"column":77}},"316":{"start":{"line":631,"column":10},"end":{"line":635,"column":13}},"317":{"start":{"line":632,"column":24},"end":{"line":632,"column":57}},"318":{"start":{"line":633,"column":24},"end":{"line":633,"column":57}},"319":{"start":{"line":634,"column":12},"end":{"line":634,"column":62}},"320":{"start":{"line":636,"column":10},"end":{"line":712,"column":13}},"321":{"start":{"line":637,"column":12},"end":{"line":641,"column":13}},"322":{"start":{"line":638,"column":14},"end":{"line":640,"column":79}},"323":{"start":{"line":642,"column":12},"end":{"line":646,"column":15}},"324":{"start":{"line":643,"column":26},"end":{"line":643,"column":59}},"325":{"start":{"line":644,"column":26},"end":{"line":644,"column":59}},"326":{"start":{"line":645,"column":14},"end":{"line":645,"column":64}},"327":{"start":{"line":647,"column":12},"end":{"line":692,"column":13}},"328":{"start":{"line":647,"column":25},"end":{"line":647,"column":26}},"329":{"start":{"line":648,"column":14},"end":{"line":669,"column":15}},"330":{"start":{"line":648,"column":27},"end":{"line":648,"column":28}},"331":{"start":{"line":649,"column":16},"end":{"line":668,"column":17}},"332":{"start":{"line":655,"column":18},"end":{"line":667,"column":19}},"333":{"start":{"line":656,"column":20},"end":{"line":666,"column":21}},"334":{"start":{"line":664,"column":24},"end":{"line":664,"column":75}},"335":{"start":{"line":665,"column":22},"end":{"line":665,"column":54}},"336":{"start":{"line":670,"column":14},"end":{"line":691,"column":15}},"337":{"start":{"line":670,"column":27},"end":{"line":670,"column":28}},"338":{"start":{"line":671,"column":16},"end":{"line":690,"column":17}},"339":{"start":{"line":677,"column":18},"end":{"line":689,"column":19}},"340":{"start":{"line":678,"column":20},"end":{"line":688,"column":21}},"341":{"start":{"line":686,"column":24},"end":{"line":686,"column":75}},"342":{"start":{"line":687,"column":22},"end":{"line":687,"column":54}},"343":{"start":{"line":694,"column":12},"end":{"line":711,"column":13}},"344":{"start":{"line":695,"column":14},"end":{"line":708,"column":15}},"345":{"start":{"line":696,"column":16},"end":{"line":696,"column":32}},"346":{"start":{"line":697,"column":21},"end":{"line":708,"column":15}},"347":{"start":{"line":698,"column":16},"end":{"line":705,"column":19}},"348":{"start":{"line":699,"column":18},"end":{"line":701,"column":19}},"349":{"start":{"line":700,"column":20},"end":{"line":700,"column":30}},"350":{"start":{"line":704,"column":18},"end":{"line":704,"column":32}},"351":{"start":{"line":707,"column":16},"end":{"line":707,"column":75}},"352":{"start":{"line":710,"column":14},"end":{"line":710,"column":30}},"353":{"start":{"line":716,"column":6},"end":{"line":745,"column":9}},"354":{"start":{"line":717,"column":8},"end":{"line":721,"column":9}},"355":{"start":{"line":718,"column":10},"end":{"line":720,"column":75}},"356":{"start":{"line":722,"column":8},"end":{"line":726,"column":11}},"357":{"start":{"line":723,"column":22},"end":{"line":723,"column":55}},"358":{"start":{"line":724,"column":22},"end":{"line":724,"column":55}},"359":{"start":{"line":725,"column":10},"end":{"line":725,"column":60}},"360":{"start":{"line":727,"column":8},"end":{"line":744,"column":9}},"361":{"start":{"line":728,"column":10},"end":{"line":741,"column":11}},"362":{"start":{"line":729,"column":12},"end":{"line":729,"column":27}},"363":{"start":{"line":730,"column":17},"end":{"line":741,"column":11}},"364":{"start":{"line":731,"column":12},"end":{"line":738,"column":15}},"365":{"start":{"line":732,"column":14},"end":{"line":734,"column":15}},"366":{"start":{"line":733,"column":16},"end":{"line":733,"column":26}},"367":{"start":{"line":737,"column":14},"end":{"line":737,"column":28}},"368":{"start":{"line":740,"column":12},"end":{"line":740,"column":71}},"369":{"start":{"line":743,"column":10},"end":{"line":743,"column":25}},"370":{"start":{"line":750,"column":0},"end":{"line":752,"column":3}},"371":{"start":{"line":751,"column":2},"end":{"line":751,"column":39}},"372":{"start":{"line":755,"column":0},"end":{"line":807,"column":3}},"373":{"start":{"line":756,"column":2},"end":{"line":760,"column":3}},"374":{"start":{"line":757,"column":4},"end":{"line":759,"column":7}},"375":{"start":{"line":762,"column":17},"end":{"line":762,"column":32}},"376":{"start":{"line":763,"column":2},"end":{"line":763,"column":19}},"377":{"start":{"line":765,"column":2},"end":{"line":803,"column":3}},"378":{"start":{"line":766,"column":4},"end":{"line":770,"column":5}},"379":{"start":{"line":767,"column":6},"end":{"line":769,"column":9}},"380":{"start":{"line":773,"column":18},"end":{"line":773,"column":20}},"381":{"start":{"line":774,"column":19},"end":{"line":774,"column":62}},"382":{"start":{"line":775,"column":4},"end":{"line":797,"column":9}},"383":{"start":{"line":778,"column":8},"end":{"line":778,"column":28}},"384":{"start":{"line":781,"column":8},"end":{"line":781,"column":26}},"385":{"start":{"line":782,"column":8},"end":{"line":782,"column":27}},"386":{"start":{"line":783,"column":8},"end":{"line":783,"column":29}},"387":{"start":{"line":784,"column":8},"end":{"line":784,"column":37}},"388":{"start":{"line":785,"column":21},"end":{"line":792,"column":9}},"389":{"start":{"line":793,"column":8},"end":{"line":793,"column":53}},"390":{"start":{"line":796,"column":8},"end":{"line":796,"column":32}},"391":{"start":{"line":799,"column":4},"end":{"line":799,"column":39}},"392":{"start":{"line":800,"column":4},"end":{"line":802,"column":7}},"393":{"start":{"line":804,"column":2},"end":{"line":806,"column":5}},"394":{"start":{"line":810,"column":0},"end":{"line":1042,"column":3}},"395":{"start":{"line":811,"column":17},"end":{"line":811,"column":32}},"396":{"start":{"line":812,"column":2},"end":{"line":812,"column":19}},"397":{"start":{"line":814,"column":15},"end":{"line":814,"column":17}},"398":{"start":{"line":815,"column":24},"end":{"line":815,"column":29}},"399":{"start":{"line":816,"column":24},"end":{"line":816,"column":29}},"400":{"start":{"line":818,"column":20},"end":{"line":818,"column":22}},"401":{"start":{"line":819,"column":2},"end":{"line":826,"column":3}},"402":{"start":{"line":820,"column":24},"end":{"line":820,"column":54}},"403":{"start":{"line":821,"column":4},"end":{"line":824,"column":5}},"404":{"start":{"line":821,"column":17},"end":{"line":821,"column":18}},"405":{"start":{"line":822,"column":18},"end":{"line":822,"column":54}},"406":{"start":{"line":823,"column":6},"end":{"line":823,"column":26}},"407":{"start":{"line":825,"column":4},"end":{"line":825,"column":27}},"408":{"start":{"line":828,"column":20},"end":{"line":828,"column":22}},"409":{"start":{"line":829,"column":2},"end":{"line":836,"column":3}},"410":{"start":{"line":830,"column":25},"end":{"line":830,"column":55}},"411":{"start":{"line":831,"column":4},"end":{"line":834,"column":5}},"412":{"start":{"line":831,"column":17},"end":{"line":831,"column":18}},"413":{"start":{"line":832,"column":18},"end":{"line":832,"column":55}},"414":{"start":{"line":833,"column":6},"end":{"line":833,"column":26}},"415":{"start":{"line":835,"column":4},"end":{"line":835,"column":27}},"416":{"start":{"line":838,"column":16},"end":{"line":838,"column":18}},"417":{"start":{"line":839,"column":2},"end":{"line":839,"column":30}},"418":{"start":{"line":840,"column":2},"end":{"line":840,"column":30}},"419":{"start":{"line":841,"column":2},"end":{"line":841,"column":19}},"420":{"start":{"line":842,"column":2},"end":{"line":842,"column":21}},"421":{"start":{"line":843,"column":2},"end":{"line":843,"column":25}},"422":{"start":{"line":844,"column":2},"end":{"line":844,"column":22}},"423":{"start":{"line":845,"column":2},"end":{"line":845,"column":25}},"424":{"start":{"line":846,"column":2},"end":{"line":846,"column":22}},"425":{"start":{"line":847,"column":2},"end":{"line":847,"column":20}},"426":{"start":{"line":849,"column":18},"end":{"line":849,"column":20}},"427":{"start":{"line":850,"column":2},"end":{"line":877,"column":3}},"428":{"start":{"line":851,"column":22},"end":{"line":851,"column":48}},"429":{"start":{"line":852,"column":4},"end":{"line":865,"column":5}},"430":{"start":{"line":853,"column":6},"end":{"line":853,"column":48}},"431":{"start":{"line":855,"column":17},"end":{"line":855,"column":41}},"432":{"start":{"line":856,"column":15},"end":{"line":856,"column":39}},"433":{"start":{"line":857,"column":6},"end":{"line":864,"column":7}},"434":{"start":{"line":857,"column":21},"end":{"line":857,"column":25}},"435":{"start":{"line":858,"column":17},"end":{"line":858,"column":38}},"436":{"start":{"line":859,"column":17},"end":{"line":859,"column":43}},"437":{"start":{"line":860,"column":19},"end":{"line":860,"column":47}},"438":{"start":{"line":861,"column":22},"end":{"line":861,"column":61}},"439":{"start":{"line":862,"column":18},"end":{"line":862,"column":33}},"440":{"start":{"line":863,"column":8},"end":{"line":863,"column":28}},"441":{"start":{"line":867,"column":15},"end":{"line":867,"column":33}},"442":{"start":{"line":868,"column":13},"end":{"line":868,"column":31}},"443":{"start":{"line":869,"column":4},"end":{"line":876,"column":5}},"444":{"start":{"line":869,"column":19},"end":{"line":869,"column":23}},"445":{"start":{"line":870,"column":15},"end":{"line":870,"column":36}},"446":{"start":{"line":871,"column":15},"end":{"line":871,"column":41}},"447":{"start":{"line":872,"column":17},"end":{"line":872,"column":45}},"448":{"start":{"line":873,"column":20},"end":{"line":873,"column":59}},"449":{"start":{"line":874,"column":16},"end":{"line":874,"column":31}},"450":{"start":{"line":875,"column":6},"end":{"line":875,"column":26}},"451":{"start":{"line":879,"column":2},"end":{"line":1041,"column":3}},"452":{"start":{"line":880,"column":4},"end":{"line":923,"column":6}},"453":{"start":{"line":882,"column":35},"end":{"line":885,"column":9}},"454":{"start":{"line":884,"column":37},"end":{"line":884,"column":61}},"455":{"start":{"line":889,"column":8},"end":{"line":893,"column":9}},"456":{"start":{"line":890,"column":10},"end":{"line":892,"column":75}},"457":{"start":{"line":895,"column":8},"end":{"line":899,"column":11}},"458":{"start":{"line":896,"column":22},"end":{"line":896,"column":38}},"459":{"start":{"line":897,"column":22},"end":{"line":897,"column":38}},"460":{"start":{"line":898,"column":10},"end":{"line":898,"column":60}},"461":{"start":{"line":900,"column":20},"end":{"line":903,"column":14}},"462":{"start":{"line":901,"column":10},"end":{"line":901,"column":54}},"463":{"start":{"line":902,"column":10},"end":{"line":902,"column":19}},"464":{"start":{"line":904,"column":8},"end":{"line":921,"column":9}},"465":{"start":{"line":905,"column":10},"end":{"line":918,"column":11}},"466":{"start":{"line":906,"column":12},"end":{"line":906,"column":28}},"467":{"start":{"line":907,"column":17},"end":{"line":918,"column":11}},"468":{"start":{"line":908,"column":12},"end":{"line":915,"column":15}},"469":{"start":{"line":909,"column":14},"end":{"line":911,"column":15}},"470":{"start":{"line":910,"column":16},"end":{"line":910,"column":26}},"471":{"start":{"line":914,"column":14},"end":{"line":914,"column":28}},"472":{"start":{"line":917,"column":12},"end":{"line":917,"column":71}},"473":{"start":{"line":920,"column":10},"end":{"line":920,"column":26}},"474":{"start":{"line":924,"column":9},"end":{"line":1041,"column":3}},"475":{"start":{"line":925,"column":4},"end":{"line":964,"column":6}},"476":{"start":{"line":926,"column":35},"end":{"line":926,"column":59}},"477":{"start":{"line":929,"column":8},"end":{"line":933,"column":9}},"478":{"start":{"line":930,"column":10},"end":{"line":932,"column":75}},"479":{"start":{"line":935,"column":8},"end":{"line":939,"column":11}},"480":{"start":{"line":936,"column":22},"end":{"line":936,"column":38}},"481":{"start":{"line":937,"column":22},"end":{"line":937,"column":38}},"482":{"start":{"line":938,"column":10},"end":{"line":938,"column":60}},"483":{"start":{"line":940,"column":20},"end":{"line":944,"column":14}},"484":{"start":{"line":941,"column":10},"end":{"line":941,"column":54}},"485":{"start":{"line":943,"column":10},"end":{"line":943,"column":19}},"486":{"start":{"line":945,"column":8},"end":{"line":962,"column":9}},"487":{"start":{"line":946,"column":10},"end":{"line":959,"column":11}},"488":{"start":{"line":947,"column":12},"end":{"line":947,"column":28}},"489":{"start":{"line":948,"column":17},"end":{"line":959,"column":11}},"490":{"start":{"line":949,"column":12},"end":{"line":956,"column":15}},"491":{"start":{"line":950,"column":14},"end":{"line":952,"column":15}},"492":{"start":{"line":951,"column":16},"end":{"line":951,"column":26}},"493":{"start":{"line":955,"column":14},"end":{"line":955,"column":28}},"494":{"start":{"line":958,"column":12},"end":{"line":958,"column":71}},"495":{"start":{"line":961,"column":10},"end":{"line":961,"column":26}},"496":{"start":{"line":965,"column":9},"end":{"line":1041,"column":3}},"497":{"start":{"line":966,"column":4},"end":{"line":1004,"column":6}},"498":{"start":{"line":967,"column":35},"end":{"line":967,"column":59}},"499":{"start":{"line":970,"column":8},"end":{"line":974,"column":9}},"500":{"start":{"line":971,"column":10},"end":{"line":973,"column":75}},"501":{"start":{"line":976,"column":8},"end":{"line":980,"column":11}},"502":{"start":{"line":977,"column":22},"end":{"line":977,"column":38}},"503":{"start":{"line":978,"column":22},"end":{"line":978,"column":38}},"504":{"start":{"line":979,"column":10},"end":{"line":979,"column":60}},"505":{"start":{"line":981,"column":20},"end":{"line":984,"column":14}},"506":{"start":{"line":982,"column":10},"end":{"line":982,"column":54}},"507":{"start":{"line":983,"column":10},"end":{"line":983,"column":19}},"508":{"start":{"line":985,"column":8},"end":{"line":1002,"column":9}},"509":{"start":{"line":986,"column":10},"end":{"line":999,"column":11}},"510":{"start":{"line":987,"column":12},"end":{"line":987,"column":28}},"511":{"start":{"line":988,"column":17},"end":{"line":999,"column":11}},"512":{"start":{"line":989,"column":12},"end":{"line":996,"column":15}},"513":{"start":{"line":990,"column":14},"end":{"line":992,"column":15}},"514":{"start":{"line":991,"column":16},"end":{"line":991,"column":26}},"515":{"start":{"line":995,"column":14},"end":{"line":995,"column":28}},"516":{"start":{"line":998,"column":12},"end":{"line":998,"column":71}},"517":{"start":{"line":1001,"column":10},"end":{"line":1001,"column":26}},"518":{"start":{"line":1006,"column":4},"end":{"line":1040,"column":7}},"519":{"start":{"line":1007,"column":6},"end":{"line":1011,"column":7}},"520":{"start":{"line":1008,"column":8},"end":{"line":1010,"column":73}},"521":{"start":{"line":1013,"column":6},"end":{"line":1017,"column":9}},"522":{"start":{"line":1014,"column":20},"end":{"line":1014,"column":36}},"523":{"start":{"line":1015,"column":20},"end":{"line":1015,"column":36}},"524":{"start":{"line":1016,"column":8},"end":{"line":1016,"column":58}},"525":{"start":{"line":1018,"column":18},"end":{"line":1021,"column":12}},"526":{"start":{"line":1019,"column":8},"end":{"line":1019,"column":52}},"527":{"start":{"line":1020,"column":8},"end":{"line":1020,"column":17}},"528":{"start":{"line":1022,"column":6},"end":{"line":1039,"column":7}},"529":{"start":{"line":1023,"column":8},"end":{"line":1036,"column":9}},"530":{"start":{"line":1024,"column":10},"end":{"line":1024,"column":26}},"531":{"start":{"line":1025,"column":15},"end":{"line":1036,"column":9}},"532":{"start":{"line":1026,"column":10},"end":{"line":1033,"column":13}},"533":{"start":{"line":1027,"column":12},"end":{"line":1029,"column":13}},"534":{"start":{"line":1028,"column":14},"end":{"line":1028,"column":24}},"535":{"start":{"line":1032,"column":12},"end":{"line":1032,"column":26}},"536":{"start":{"line":1035,"column":10},"end":{"line":1035,"column":69}},"537":{"start":{"line":1038,"column":8},"end":{"line":1038,"column":24}},"538":{"start":{"line":1044,"column":0},"end":{"line":1044,"column":21}}},"fnMap":{"0":{"name":"(anonymous_0)","decl":{"start":{"line":26,"column":15},"end":{"line":26,"column":16}},"loc":{"start":{"line":26,"column":34},"end":{"line":28,"column":3}},"line":26},"1":{"name":"(anonymous_1)","decl":{"start":{"line":29,"column":12},"end":{"line":29,"column":13}},"loc":{"start":{"line":29,"column":31},"end":{"line":31,"column":3}},"line":29},"2":{"name":"(anonymous_2)","decl":{"start":{"line":35,"column":18},"end":{"line":35,"column":19}},"loc":{"start":{"line":35,"column":37},"end":{"line":41,"column":1}},"line":35},"3":{"name":"(anonymous_3)","decl":{"start":{"line":45,"column":48},"end":{"line":45,"column":49}},"loc":{"start":{"line":45,"column":62},"end":{"line":121,"column":1}},"line":45},"4":{"name":"(anonymous_4)","decl":{"start":{"line":86,"column":19},"end":{"line":86,"column":20}},"loc":{"start":{"line":86,"column":30},"end":{"line":88,"column":7}},"line":86},"5":{"name":"(anonymous_5)","decl":{"start":{"line":89,"column":18},"end":{"line":89,"column":19}},"loc":{"start":{"line":89,"column":27},"end":{"line":108,"column":7}},"line":89},"6":{"name":"(anonymous_6)","decl":{"start":{"line":109,"column":17},"end":{"line":109,"column":18}},"loc":{"start":{"line":109,"column":23},"end":{"line":111,"column":7}},"line":109},"7":{"name":"(anonymous_7)","decl":{"start":{"line":124,"column":24},"end":{"line":124,"column":25}},"loc":{"start":{"line":124,"column":44},"end":{"line":748,"column":1}},"line":124},"8":{"name":"(anonymous_8)","decl":{"start":{"line":201,"column":29},"end":{"line":201,"column":30}},"loc":{"start":{"line":201,"column":37},"end":{"line":201,"column":61}},"line":201},"9":{"name":"(anonymous_9)","decl":{"start":{"line":203,"column":8},"end":{"line":203,"column":9}},"loc":{"start":{"line":203,"column":24},"end":{"line":319,"column":9}},"line":203},"10":{"name":"(anonymous_10)","decl":{"start":{"line":209,"column":21},"end":{"line":209,"column":22}},"loc":{"start":{"line":209,"column":37},"end":{"line":213,"column":11}},"line":209},"11":{"name":"(anonymous_11)","decl":{"start":{"line":215,"column":33},"end":{"line":215,"column":34}},"loc":{"start":{"line":215,"column":41},"end":{"line":215,"column":65}},"line":215},"12":{"name":"(anonymous_12)","decl":{"start":{"line":217,"column":12},"end":{"line":217,"column":13}},"loc":{"start":{"line":217,"column":28},"end":{"line":317,"column":13}},"line":217},"13":{"name":"(anonymous_13)","decl":{"start":{"line":223,"column":25},"end":{"line":223,"column":26}},"loc":{"start":{"line":223,"column":41},"end":{"line":227,"column":15}},"line":223},"14":{"name":"(anonymous_14)","decl":{"start":{"line":229,"column":37},"end":{"line":229,"column":38}},"loc":{"start":{"line":229,"column":45},"end":{"line":229,"column":69}},"line":229},"15":{"name":"(anonymous_15)","decl":{"start":{"line":231,"column":16},"end":{"line":231,"column":17}},"loc":{"start":{"line":231,"column":32},"end":{"line":315,"column":17}},"line":231},"16":{"name":"(anonymous_16)","decl":{"start":{"line":237,"column":29},"end":{"line":237,"column":30}},"loc":{"start":{"line":237,"column":45},"end":{"line":241,"column":19}},"line":237},"17":{"name":"(anonymous_17)","decl":{"start":{"line":299,"column":48},"end":{"line":299,"column":49}},"loc":{"start":{"line":299,"column":62},"end":{"line":306,"column":23}},"line":299},"18":{"name":"(anonymous_18)","decl":{"start":{"line":323,"column":29},"end":{"line":323,"column":30}},"loc":{"start":{"line":323,"column":37},"end":{"line":323,"column":61}},"line":323},"19":{"name":"(anonymous_19)","decl":{"start":{"line":325,"column":8},"end":{"line":325,"column":9}},"loc":{"start":{"line":325,"column":23},"end":{"line":349,"column":9}},"line":325},"20":{"name":"(anonymous_20)","decl":{"start":{"line":335,"column":39},"end":{"line":335,"column":40}},"loc":{"start":{"line":335,"column":53},"end":{"line":342,"column":15}},"line":335},"21":{"name":"(anonymous_21)","decl":{"start":{"line":354,"column":48},"end":{"line":354,"column":49}},"loc":{"start":{"line":354,"column":64},"end":{"line":454,"column":7}},"line":354},"22":{"name":"(anonymous_22)","decl":{"start":{"line":360,"column":19},"end":{"line":360,"column":20}},"loc":{"start":{"line":360,"column":35},"end":{"line":364,"column":9}},"line":360},"23":{"name":"(anonymous_23)","decl":{"start":{"line":365,"column":47},"end":{"line":365,"column":48}},"loc":{"start":{"line":365,"column":63},"end":{"line":453,"column":9}},"line":365},"24":{"name":"(anonymous_24)","decl":{"start":{"line":371,"column":21},"end":{"line":371,"column":22}},"loc":{"start":{"line":371,"column":37},"end":{"line":375,"column":11}},"line":371},"25":{"name":"(anonymous_25)","decl":{"start":{"line":376,"column":52},"end":{"line":376,"column":53}},"loc":{"start":{"line":376,"column":68},"end":{"line":452,"column":11}},"line":376},"26":{"name":"(anonymous_26)","decl":{"start":{"line":382,"column":23},"end":{"line":382,"column":24}},"loc":{"start":{"line":382,"column":39},"end":{"line":386,"column":13}},"line":382},"27":{"name":"(anonymous_27)","decl":{"start":{"line":438,"column":42},"end":{"line":438,"column":43}},"loc":{"start":{"line":438,"column":56},"end":{"line":445,"column":17}},"line":438},"28":{"name":"(anonymous_28)","decl":{"start":{"line":456,"column":47},"end":{"line":456,"column":48}},"loc":{"start":{"line":456,"column":62},"end":{"line":480,"column":7}},"line":456},"29":{"name":"(anonymous_29)","decl":{"start":{"line":466,"column":37},"end":{"line":466,"column":38}},"loc":{"start":{"line":466,"column":51},"end":{"line":473,"column":13}},"line":466},"30":{"name":"(anonymous_30)","decl":{"start":{"line":484,"column":48},"end":{"line":484,"column":49}},"loc":{"start":{"line":484,"column":64},"end":{"line":584,"column":7}},"line":484},"31":{"name":"(anonymous_31)","decl":{"start":{"line":490,"column":19},"end":{"line":490,"column":20}},"loc":{"start":{"line":490,"column":35},"end":{"line":494,"column":9}},"line":490},"32":{"name":"(anonymous_32)","decl":{"start":{"line":495,"column":47},"end":{"line":495,"column":48}},"loc":{"start":{"line":495,"column":63},"end":{"line":583,"column":9}},"line":495},"33":{"name":"(anonymous_33)","decl":{"start":{"line":501,"column":21},"end":{"line":501,"column":22}},"loc":{"start":{"line":501,"column":37},"end":{"line":505,"column":11}},"line":501},"34":{"name":"(anonymous_34)","decl":{"start":{"line":506,"column":52},"end":{"line":506,"column":53}},"loc":{"start":{"line":506,"column":68},"end":{"line":582,"column":11}},"line":506},"35":{"name":"(anonymous_35)","decl":{"start":{"line":512,"column":23},"end":{"line":512,"column":24}},"loc":{"start":{"line":512,"column":39},"end":{"line":516,"column":13}},"line":512},"36":{"name":"(anonymous_36)","decl":{"start":{"line":568,"column":42},"end":{"line":568,"column":43}},"loc":{"start":{"line":568,"column":56},"end":{"line":575,"column":17}},"line":568},"37":{"name":"(anonymous_37)","decl":{"start":{"line":586,"column":47},"end":{"line":586,"column":48}},"loc":{"start":{"line":586,"column":62},"end":{"line":610,"column":7}},"line":586},"38":{"name":"(anonymous_38)","decl":{"start":{"line":596,"column":37},"end":{"line":596,"column":38}},"loc":{"start":{"line":596,"column":51},"end":{"line":603,"column":13}},"line":596},"39":{"name":"(anonymous_39)","decl":{"start":{"line":614,"column":32},"end":{"line":614,"column":33}},"loc":{"start":{"line":614,"column":48},"end":{"line":714,"column":7}},"line":614},"40":{"name":"(anonymous_40)","decl":{"start":{"line":620,"column":19},"end":{"line":620,"column":20}},"loc":{"start":{"line":620,"column":35},"end":{"line":624,"column":9}},"line":620},"41":{"name":"(anonymous_41)","decl":{"start":{"line":625,"column":31},"end":{"line":625,"column":32}},"loc":{"start":{"line":625,"column":47},"end":{"line":713,"column":9}},"line":625},"42":{"name":"(anonymous_42)","decl":{"start":{"line":631,"column":21},"end":{"line":631,"column":22}},"loc":{"start":{"line":631,"column":37},"end":{"line":635,"column":11}},"line":631},"43":{"name":"(anonymous_43)","decl":{"start":{"line":636,"column":36},"end":{"line":636,"column":37}},"loc":{"start":{"line":636,"column":52},"end":{"line":712,"column":11}},"line":636},"44":{"name":"(anonymous_44)","decl":{"start":{"line":642,"column":23},"end":{"line":642,"column":24}},"loc":{"start":{"line":642,"column":39},"end":{"line":646,"column":13}},"line":642},"45":{"name":"(anonymous_45)","decl":{"start":{"line":698,"column":42},"end":{"line":698,"column":43}},"loc":{"start":{"line":698,"column":56},"end":{"line":705,"column":17}},"line":698},"46":{"name":"(anonymous_46)","decl":{"start":{"line":716,"column":31},"end":{"line":716,"column":32}},"loc":{"start":{"line":716,"column":46},"end":{"line":745,"column":7}},"line":716},"47":{"name":"(anonymous_47)","decl":{"start":{"line":722,"column":18},"end":{"line":722,"column":19}},"loc":{"start":{"line":722,"column":34},"end":{"line":726,"column":9}},"line":722},"48":{"name":"(anonymous_48)","decl":{"start":{"line":731,"column":37},"end":{"line":731,"column":38}},"loc":{"start":{"line":731,"column":51},"end":{"line":738,"column":13}},"line":731},"49":{"name":"(anonymous_49)","decl":{"start":{"line":750,"column":13},"end":{"line":750,"column":14}},"loc":{"start":{"line":750,"column":33},"end":{"line":752,"column":1}},"line":750},"50":{"name":"(anonymous_50)","decl":{"start":{"line":755,"column":50},"end":{"line":755,"column":51}},"loc":{"start":{"line":755,"column":64},"end":{"line":807,"column":1}},"line":755},"51":{"name":"(anonymous_51)","decl":{"start":{"line":777,"column":19},"end":{"line":777,"column":20}},"loc":{"start":{"line":777,"column":30},"end":{"line":779,"column":7}},"line":777},"52":{"name":"(anonymous_52)","decl":{"start":{"line":780,"column":18},"end":{"line":780,"column":19}},"loc":{"start":{"line":780,"column":27},"end":{"line":794,"column":7}},"line":780},"53":{"name":"(anonymous_53)","decl":{"start":{"line":795,"column":17},"end":{"line":795,"column":18}},"loc":{"start":{"line":795,"column":23},"end":{"line":797,"column":7}},"line":795},"54":{"name":"(anonymous_54)","decl":{"start":{"line":810,"column":26},"end":{"line":810,"column":27}},"loc":{"start":{"line":810,"column":46},"end":{"line":1042,"column":1}},"line":810},"55":{"name":"(anonymous_55)","decl":{"start":{"line":882,"column":27},"end":{"line":882,"column":28}},"loc":{"start":{"line":882,"column":35},"end":{"line":885,"column":9}},"line":882},"56":{"name":"(anonymous_56)","decl":{"start":{"line":884,"column":29},"end":{"line":884,"column":30}},"loc":{"start":{"line":884,"column":37},"end":{"line":884,"column":61}},"line":884},"57":{"name":"(anonymous_57)","decl":{"start":{"line":888,"column":6},"end":{"line":888,"column":7}},"loc":{"start":{"line":888,"column":21},"end":{"line":922,"column":7}},"line":888},"58":{"name":"(anonymous_58)","decl":{"start":{"line":895,"column":18},"end":{"line":895,"column":19}},"loc":{"start":{"line":895,"column":34},"end":{"line":899,"column":9}},"line":895},"59":{"name":"(anonymous_59)","decl":{"start":{"line":900,"column":32},"end":{"line":900,"column":33}},"loc":{"start":{"line":900,"column":42},"end":{"line":903,"column":9}},"line":900},"60":{"name":"(anonymous_60)","decl":{"start":{"line":908,"column":37},"end":{"line":908,"column":38}},"loc":{"start":{"line":908,"column":51},"end":{"line":915,"column":13}},"line":908},"61":{"name":"(anonymous_61)","decl":{"start":{"line":926,"column":27},"end":{"line":926,"column":28}},"loc":{"start":{"line":926,"column":35},"end":{"line":926,"column":59}},"line":926},"62":{"name":"(anonymous_62)","decl":{"start":{"line":928,"column":6},"end":{"line":928,"column":7}},"loc":{"start":{"line":928,"column":21},"end":{"line":963,"column":7}},"line":928},"63":{"name":"(anonymous_63)","decl":{"start":{"line":935,"column":18},"end":{"line":935,"column":19}},"loc":{"start":{"line":935,"column":34},"end":{"line":939,"column":9}},"line":935},"64":{"name":"(anonymous_64)","decl":{"start":{"line":940,"column":32},"end":{"line":940,"column":33}},"loc":{"start":{"line":940,"column":42},"end":{"line":944,"column":9}},"line":940},"65":{"name":"(anonymous_65)","decl":{"start":{"line":949,"column":37},"end":{"line":949,"column":38}},"loc":{"start":{"line":949,"column":51},"end":{"line":956,"column":13}},"line":949},"66":{"name":"(anonymous_66)","decl":{"start":{"line":967,"column":27},"end":{"line":967,"column":28}},"loc":{"start":{"line":967,"column":35},"end":{"line":967,"column":59}},"line":967},"67":{"name":"(anonymous_67)","decl":{"start":{"line":969,"column":6},"end":{"line":969,"column":7}},"loc":{"start":{"line":969,"column":21},"end":{"line":1003,"column":7}},"line":969},"68":{"name":"(anonymous_68)","decl":{"start":{"line":976,"column":18},"end":{"line":976,"column":19}},"loc":{"start":{"line":976,"column":34},"end":{"line":980,"column":9}},"line":976},"69":{"name":"(anonymous_69)","decl":{"start":{"line":981,"column":32},"end":{"line":981,"column":33}},"loc":{"start":{"line":981,"column":42},"end":{"line":984,"column":9}},"line":981},"70":{"name":"(anonymous_70)","decl":{"start":{"line":989,"column":37},"end":{"line":989,"column":38}},"loc":{"start":{"line":989,"column":51},"end":{"line":996,"column":13}},"line":989},"71":{"name":"(anonymous_71)","decl":{"start":{"line":1006,"column":29},"end":{"line":1006,"column":30}},"loc":{"start":{"line":1006,"column":44},"end":{"line":1040,"column":5}},"line":1006},"72":{"name":"(anonymous_72)","decl":{"start":{"line":1013,"column":16},"end":{"line":1013,"column":17}},"loc":{"start":{"line":1013,"column":32},"end":{"line":1017,"column":7}},"line":1013},"73":{"name":"(anonymous_73)","decl":{"start":{"line":1018,"column":30},"end":{"line":1018,"column":31}},"loc":{"start":{"line":1018,"column":40},"end":{"line":1021,"column":7}},"line":1018},"74":{"name":"(anonymous_74)","decl":{"start":{"line":1026,"column":35},"end":{"line":1026,"column":36}},"loc":{"start":{"line":1026,"column":49},"end":{"line":1033,"column":11}},"line":1026}},"branchMap":{"0":{"loc":{"start":{"line":36,"column":2},"end":{"line":40,"column":3}},"type":"if","locations":[{"start":{"line":36,"column":2},"end":{"line":40,"column":3}},{"start":{"line":38,"column":9},"end":{"line":40,"column":3}}],"line":36},"1":{"loc":{"start":{"line":46,"column":2},"end":{"line":50,"column":3}},"type":"if","locations":[{"start":{"line":46,"column":2},"end":{"line":50,"column":3}},{"start":{},"end":{}}],"line":46},"2":{"loc":{"start":{"line":53,"column":2},"end":{"line":55,"column":3}},"type":"if","locations":[{"start":{"line":53,"column":2},"end":{"line":55,"column":3}},{"start":{},"end":{}}],"line":53},"3":{"loc":{"start":{"line":56,"column":2},"end":{"line":58,"column":3}},"type":"if","locations":[{"start":{"line":56,"column":2},"end":{"line":58,"column":3}},{"start":{},"end":{}}],"line":56},"4":{"loc":{"start":{"line":59,"column":2},"end":{"line":61,"column":3}},"type":"if","locations":[{"start":{"line":59,"column":2},"end":{"line":61,"column":3}},{"start":{},"end":{}}],"line":59},"5":{"loc":{"start":{"line":64,"column":4},"end":{"line":68,"column":5}},"type":"if","locations":[{"start":{"line":64,"column":4},"end":{"line":68,"column":5}},{"start":{},"end":{}}],"line":64},"6":{"loc":{"start":{"line":94,"column":10},"end":{"line":96,"column":11}},"type":"if","locations":[{"start":{"line":94,"column":10},"end":{"line":96,"column":11}},{"start":{},"end":{}}],"line":94},"7":{"loc":{"start":{"line":98,"column":8},"end":{"line":100,"column":9}},"type":"if","locations":[{"start":{"line":98,"column":8},"end":{"line":100,"column":9}},{"start":{},"end":{}}],"line":98},"8":{"loc":{"start":{"line":125,"column":2},"end":{"line":129,"column":3}},"type":"if","locations":[{"start":{"line":125,"column":2},"end":{"line":129,"column":3}},{"start":{},"end":{}}],"line":125},"9":{"loc":{"start":{"line":132,"column":2},"end":{"line":134,"column":3}},"type":"if","locations":[{"start":{"line":132,"column":2},"end":{"line":134,"column":3}},{"start":{},"end":{}}],"line":132},"10":{"loc":{"start":{"line":135,"column":2},"end":{"line":137,"column":3}},"type":"if","locations":[{"start":{"line":135,"column":2},"end":{"line":137,"column":3}},{"start":{},"end":{}}],"line":135},"11":{"loc":{"start":{"line":138,"column":2},"end":{"line":140,"column":3}},"type":"if","locations":[{"start":{"line":138,"column":2},"end":{"line":140,"column":3}},{"start":{},"end":{}}],"line":138},"12":{"loc":{"start":{"line":141,"column":2},"end":{"line":150,"column":3}},"type":"if","locations":[{"start":{"line":141,"column":2},"end":{"line":150,"column":3}},{"start":{},"end":{}}],"line":141},"13":{"loc":{"start":{"line":142,"column":4},"end":{"line":145,"column":34}},"type":"binary-expr","locations":[{"start":{"line":142,"column":4},"end":{"line":142,"column":37}},{"start":{"line":143,"column":4},"end":{"line":143,"column":34}},{"start":{"line":144,"column":4},"end":{"line":144,"column":37}},{"start":{"line":145,"column":4},"end":{"line":145,"column":34}}],"line":142},"14":{"loc":{"start":{"line":157,"column":2},"end":{"line":164,"column":3}},"type":"if","locations":[{"start":{"line":157,"column":2},"end":{"line":164,"column":3}},{"start":{},"end":{}}],"line":157},"15":{"loc":{"start":{"line":167,"column":2},"end":{"line":174,"column":3}},"type":"if","locations":[{"start":{"line":167,"column":2},"end":{"line":174,"column":3}},{"start":{},"end":{}}],"line":167},"16":{"loc":{"start":{"line":177,"column":2},"end":{"line":196,"column":3}},"type":"if","locations":[{"start":{"line":177,"column":2},"end":{"line":196,"column":3}},{"start":{},"end":{}}],"line":177},"17":{"loc":{"start":{"line":183,"column":4},"end":{"line":195,"column":5}},"type":"if","locations":[{"start":{"line":183,"column":4},"end":{"line":195,"column":5}},{"start":{"line":185,"column":11},"end":{"line":195,"column":5}}],"line":183},"18":{"loc":{"start":{"line":198,"column":2},"end":{"line":747,"column":3}},"type":"if","locations":[{"start":{"line":198,"column":2},"end":{"line":747,"column":3}},{"start":{"line":352,"column":9},"end":{"line":747,"column":3}}],"line":198},"19":{"loc":{"start":{"line":198,"column":6},"end":{"line":198,"column":40}},"type":"binary-expr","locations":[{"start":{"line":198,"column":6},"end":{"line":198,"column":21}},{"start":{"line":198,"column":25},"end":{"line":198,"column":40}}],"line":198},"20":{"loc":{"start":{"line":199,"column":4},"end":{"line":351,"column":5}},"type":"if","locations":[{"start":{"line":199,"column":4},"end":{"line":351,"column":5}},{"start":{"line":321,"column":11},"end":{"line":351,"column":5}}],"line":199},"21":{"loc":{"start":{"line":204,"column":10},"end":{"line":208,"column":11}},"type":"if","locations":[{"start":{"line":204,"column":10},"end":{"line":208,"column":11}},{"start":{},"end":{}}],"line":204},"22":{"loc":{"start":{"line":212,"column":19},"end":{"line":212,"column":61}},"type":"cond-expr","locations":[{"start":{"line":212,"column":35},"end":{"line":212,"column":37}},{"start":{"line":212,"column":40},"end":{"line":212,"column":61}}],"line":212},"23":{"loc":{"start":{"line":212,"column":40},"end":{"line":212,"column":61}},"type":"cond-expr","locations":[{"start":{"line":212,"column":56},"end":{"line":212,"column":57}},{"start":{"line":212,"column":60},"end":{"line":212,"column":61}}],"line":212},"24":{"loc":{"start":{"line":218,"column":14},"end":{"line":222,"column":15}},"type":"if","locations":[{"start":{"line":218,"column":14},"end":{"line":222,"column":15}},{"start":{},"end":{}}],"line":218},"25":{"loc":{"start":{"line":226,"column":23},"end":{"line":226,"column":65}},"type":"cond-expr","locations":[{"start":{"line":226,"column":39},"end":{"line":226,"column":41}},{"start":{"line":226,"column":44},"end":{"line":226,"column":65}}],"line":226},"26":{"loc":{"start":{"line":226,"column":44},"end":{"line":226,"column":65}},"type":"cond-expr","locations":[{"start":{"line":226,"column":60},"end":{"line":226,"column":61}},{"start":{"line":226,"column":64},"end":{"line":226,"column":65}}],"line":226},"27":{"loc":{"start":{"line":232,"column":18},"end":{"line":236,"column":19}},"type":"if","locations":[{"start":{"line":232,"column":18},"end":{"line":236,"column":19}},{"start":{},"end":{}}],"line":232},"28":{"loc":{"start":{"line":240,"column":27},"end":{"line":240,"column":69}},"type":"cond-expr","locations":[{"start":{"line":240,"column":43},"end":{"line":240,"column":45}},{"start":{"line":240,"column":48},"end":{"line":240,"column":69}}],"line":240},"29":{"loc":{"start":{"line":240,"column":48},"end":{"line":240,"column":69}},"type":"cond-expr","locations":[{"start":{"line":240,"column":64},"end":{"line":240,"column":65}},{"start":{"line":240,"column":68},"end":{"line":240,"column":69}}],"line":240},"30":{"loc":{"start":{"line":244,"column":22},"end":{"line":266,"column":23}},"type":"if","locations":[{"start":{"line":244,"column":22},"end":{"line":266,"column":23}},{"start":{},"end":{}}],"line":244},"31":{"loc":{"start":{"line":245,"column":24},"end":{"line":250,"column":61}},"type":"binary-expr","locations":[{"start":{"line":245,"column":24},"end":{"line":246,"column":52}},{"start":{"line":247,"column":24},"end":{"line":248,"column":52}},{"start":{"line":249,"column":24},"end":{"line":249,"column":59}},{"start":{"line":250,"column":24},"end":{"line":250,"column":61}}],"line":245},"32":{"loc":{"start":{"line":253,"column":26},"end":{"line":264,"column":27}},"type":"if","locations":[{"start":{"line":253,"column":26},"end":{"line":264,"column":27}},{"start":{},"end":{}}],"line":253},"33":{"loc":{"start":{"line":254,"column":28},"end":{"line":258,"column":45}},"type":"binary-expr","locations":[{"start":{"line":254,"column":28},"end":{"line":254,"column":56}},{"start":{"line":255,"column":28},"end":{"line":255,"column":56}},{"start":{"line":256,"column":28},"end":{"line":256,"column":45}},{"start":{"line":257,"column":28},"end":{"line":257,"column":46}},{"start":{"line":258,"column":28},"end":{"line":258,"column":45}}],"line":254},"34":{"loc":{"start":{"line":269,"column":22},"end":{"line":291,"column":23}},"type":"if","locations":[{"start":{"line":269,"column":22},"end":{"line":291,"column":23}},{"start":{},"end":{}}],"line":269},"35":{"loc":{"start":{"line":270,"column":24},"end":{"line":275,"column":61}},"type":"binary-expr","locations":[{"start":{"line":270,"column":24},"end":{"line":271,"column":52}},{"start":{"line":272,"column":24},"end":{"line":273,"column":52}},{"start":{"line":274,"column":24},"end":{"line":274,"column":59}},{"start":{"line":275,"column":24},"end":{"line":275,"column":61}}],"line":270},"36":{"loc":{"start":{"line":278,"column":26},"end":{"line":289,"column":27}},"type":"if","locations":[{"start":{"line":278,"column":26},"end":{"line":289,"column":27}},{"start":{},"end":{}}],"line":278},"37":{"loc":{"start":{"line":279,"column":28},"end":{"line":283,"column":45}},"type":"binary-expr","locations":[{"start":{"line":279,"column":28},"end":{"line":279,"column":56}},{"start":{"line":280,"column":28},"end":{"line":280,"column":56}},{"start":{"line":281,"column":28},"end":{"line":281,"column":45}},{"start":{"line":282,"column":28},"end":{"line":282,"column":46}},{"start":{"line":283,"column":28},"end":{"line":283,"column":45}}],"line":279},"38":{"loc":{"start":{"line":295,"column":18},"end":{"line":314,"column":19}},"type":"if","locations":[{"start":{"line":295,"column":18},"end":{"line":314,"column":19}},{"start":{"line":312,"column":25},"end":{"line":314,"column":19}}],"line":295},"39":{"loc":{"start":{"line":296,"column":20},"end":{"line":311,"column":21}},"type":"if","locations":[{"start":{"line":296,"column":20},"end":{"line":311,"column":21}},{"start":{"line":298,"column":27},"end":{"line":311,"column":21}}],"line":296},"40":{"loc":{"start":{"line":298,"column":27},"end":{"line":311,"column":21}},"type":"if","locations":[{"start":{"line":298,"column":27},"end":{"line":311,"column":21}},{"start":{"line":307,"column":27},"end":{"line":311,"column":21}}],"line":298},"41":{"loc":{"start":{"line":300,"column":24},"end":{"line":302,"column":25}},"type":"if","locations":[{"start":{"line":300,"column":24},"end":{"line":302,"column":25}},{"start":{},"end":{}}],"line":300},"42":{"loc":{"start":{"line":326,"column":10},"end":{"line":330,"column":11}},"type":"if","locations":[{"start":{"line":326,"column":10},"end":{"line":330,"column":11}},{"start":{},"end":{}}],"line":326},"43":{"loc":{"start":{"line":331,"column":10},"end":{"line":348,"column":11}},"type":"if","locations":[{"start":{"line":331,"column":10},"end":{"line":348,"column":11}},{"start":{"line":346,"column":17},"end":{"line":348,"column":11}}],"line":331},"44":{"loc":{"start":{"line":332,"column":12},"end":{"line":345,"column":13}},"type":"if","locations":[{"start":{"line":332,"column":12},"end":{"line":345,"column":13}},{"start":{"line":334,"column":19},"end":{"line":345,"column":13}}],"line":332},"45":{"loc":{"start":{"line":334,"column":19},"end":{"line":345,"column":13}},"type":"if","locations":[{"start":{"line":334,"column":19},"end":{"line":345,"column":13}},{"start":{"line":343,"column":19},"end":{"line":345,"column":13}}],"line":334},"46":{"loc":{"start":{"line":336,"column":16},"end":{"line":338,"column":17}},"type":"if","locations":[{"start":{"line":336,"column":16},"end":{"line":338,"column":17}},{"start":{},"end":{}}],"line":336},"47":{"loc":{"start":{"line":352,"column":9},"end":{"line":747,"column":3}},"type":"if","locations":[{"start":{"line":352,"column":9},"end":{"line":747,"column":3}},{"start":{"line":482,"column":9},"end":{"line":747,"column":3}}],"line":352},"48":{"loc":{"start":{"line":353,"column":4},"end":{"line":481,"column":5}},"type":"if","locations":[{"start":{"line":353,"column":4},"end":{"line":481,"column":5}},{"start":{"line":455,"column":11},"end":{"line":481,"column":5}}],"line":353},"49":{"loc":{"start":{"line":355,"column":8},"end":{"line":359,"column":9}},"type":"if","locations":[{"start":{"line":355,"column":8},"end":{"line":359,"column":9}},{"start":{},"end":{}}],"line":355},"50":{"loc":{"start":{"line":363,"column":17},"end":{"line":363,"column":59}},"type":"cond-expr","locations":[{"start":{"line":363,"column":33},"end":{"line":363,"column":35}},{"start":{"line":363,"column":38},"end":{"line":363,"column":59}}],"line":363},"51":{"loc":{"start":{"line":363,"column":38},"end":{"line":363,"column":59}},"type":"cond-expr","locations":[{"start":{"line":363,"column":54},"end":{"line":363,"column":55}},{"start":{"line":363,"column":58},"end":{"line":363,"column":59}}],"line":363},"52":{"loc":{"start":{"line":366,"column":10},"end":{"line":370,"column":11}},"type":"if","locations":[{"start":{"line":366,"column":10},"end":{"line":370,"column":11}},{"start":{},"end":{}}],"line":366},"53":{"loc":{"start":{"line":374,"column":19},"end":{"line":374,"column":61}},"type":"cond-expr","locations":[{"start":{"line":374,"column":35},"end":{"line":374,"column":37}},{"start":{"line":374,"column":40},"end":{"line":374,"column":61}}],"line":374},"54":{"loc":{"start":{"line":374,"column":40},"end":{"line":374,"column":61}},"type":"cond-expr","locations":[{"start":{"line":374,"column":56},"end":{"line":374,"column":57}},{"start":{"line":374,"column":60},"end":{"line":374,"column":61}}],"line":374},"55":{"loc":{"start":{"line":377,"column":12},"end":{"line":381,"column":13}},"type":"if","locations":[{"start":{"line":377,"column":12},"end":{"line":381,"column":13}},{"start":{},"end":{}}],"line":377},"56":{"loc":{"start":{"line":385,"column":21},"end":{"line":385,"column":63}},"type":"cond-expr","locations":[{"start":{"line":385,"column":37},"end":{"line":385,"column":39}},{"start":{"line":385,"column":42},"end":{"line":385,"column":63}}],"line":385},"57":{"loc":{"start":{"line":385,"column":42},"end":{"line":385,"column":63}},"type":"cond-expr","locations":[{"start":{"line":385,"column":58},"end":{"line":385,"column":59}},{"start":{"line":385,"column":62},"end":{"line":385,"column":63}}],"line":385},"58":{"loc":{"start":{"line":389,"column":16},"end":{"line":408,"column":17}},"type":"if","locations":[{"start":{"line":389,"column":16},"end":{"line":408,"column":17}},{"start":{},"end":{}}],"line":389},"59":{"loc":{"start":{"line":390,"column":18},"end":{"line":393,"column":55}},"type":"binary-expr","locations":[{"start":{"line":390,"column":18},"end":{"line":390,"column":75}},{"start":{"line":391,"column":18},"end":{"line":391,"column":75}},{"start":{"line":392,"column":18},"end":{"line":392,"column":53}},{"start":{"line":393,"column":18},"end":{"line":393,"column":55}}],"line":390},"60":{"loc":{"start":{"line":396,"column":20},"end":{"line":406,"column":21}},"type":"if","locations":[{"start":{"line":396,"column":20},"end":{"line":406,"column":21}},{"start":{},"end":{}}],"line":396},"61":{"loc":{"start":{"line":397,"column":22},"end":{"line":401,"column":39}},"type":"binary-expr","locations":[{"start":{"line":397,"column":22},"end":{"line":397,"column":50}},{"start":{"line":398,"column":22},"end":{"line":398,"column":50}},{"start":{"line":399,"column":22},"end":{"line":399,"column":39}},{"start":{"line":400,"column":22},"end":{"line":400,"column":40}},{"start":{"line":401,"column":22},"end":{"line":401,"column":39}}],"line":397},"62":{"loc":{"start":{"line":411,"column":16},"end":{"line":430,"column":17}},"type":"if","locations":[{"start":{"line":411,"column":16},"end":{"line":430,"column":17}},{"start":{},"end":{}}],"line":411},"63":{"loc":{"start":{"line":412,"column":18},"end":{"line":415,"column":55}},"type":"binary-expr","locations":[{"start":{"line":412,"column":18},"end":{"line":412,"column":75}},{"start":{"line":413,"column":18},"end":{"line":413,"column":75}},{"start":{"line":414,"column":18},"end":{"line":414,"column":53}},{"start":{"line":415,"column":18},"end":{"line":415,"column":55}}],"line":412},"64":{"loc":{"start":{"line":418,"column":20},"end":{"line":428,"column":21}},"type":"if","locations":[{"start":{"line":418,"column":20},"end":{"line":428,"column":21}},{"start":{},"end":{}}],"line":418},"65":{"loc":{"start":{"line":419,"column":22},"end":{"line":423,"column":39}},"type":"binary-expr","locations":[{"start":{"line":419,"column":22},"end":{"line":419,"column":50}},{"start":{"line":420,"column":22},"end":{"line":420,"column":50}},{"start":{"line":421,"column":22},"end":{"line":421,"column":39}},{"start":{"line":422,"column":22},"end":{"line":422,"column":40}},{"start":{"line":423,"column":22},"end":{"line":423,"column":39}}],"line":419},"66":{"loc":{"start":{"line":434,"column":12},"end":{"line":451,"column":13}},"type":"if","locations":[{"start":{"line":434,"column":12},"end":{"line":451,"column":13}},{"start":{"line":449,"column":19},"end":{"line":451,"column":13}}],"line":434},"67":{"loc":{"start":{"line":435,"column":14},"end":{"line":448,"column":15}},"type":"if","locations":[{"start":{"line":435,"column":14},"end":{"line":448,"column":15}},{"start":{"line":437,"column":21},"end":{"line":448,"column":15}}],"line":435},"68":{"loc":{"start":{"line":437,"column":21},"end":{"line":448,"column":15}},"type":"if","locations":[{"start":{"line":437,"column":21},"end":{"line":448,"column":15}},{"start":{"line":446,"column":21},"end":{"line":448,"column":15}}],"line":437},"69":{"loc":{"start":{"line":439,"column":18},"end":{"line":441,"column":19}},"type":"if","locations":[{"start":{"line":439,"column":18},"end":{"line":441,"column":19}},{"start":{},"end":{}}],"line":439},"70":{"loc":{"start":{"line":457,"column":8},"end":{"line":461,"column":9}},"type":"if","locations":[{"start":{"line":457,"column":8},"end":{"line":461,"column":9}},{"start":{},"end":{}}],"line":457},"71":{"loc":{"start":{"line":462,"column":8},"end":{"line":479,"column":9}},"type":"if","locations":[{"start":{"line":462,"column":8},"end":{"line":479,"column":9}},{"start":{"line":477,"column":15},"end":{"line":479,"column":9}}],"line":462},"72":{"loc":{"start":{"line":463,"column":10},"end":{"line":476,"column":11}},"type":"if","locations":[{"start":{"line":463,"column":10},"end":{"line":476,"column":11}},{"start":{"line":465,"column":17},"end":{"line":476,"column":11}}],"line":463},"73":{"loc":{"start":{"line":465,"column":17},"end":{"line":476,"column":11}},"type":"if","locations":[{"start":{"line":465,"column":17},"end":{"line":476,"column":11}},{"start":{"line":474,"column":17},"end":{"line":476,"column":11}}],"line":465},"74":{"loc":{"start":{"line":467,"column":14},"end":{"line":469,"column":15}},"type":"if","locations":[{"start":{"line":467,"column":14},"end":{"line":469,"column":15}},{"start":{},"end":{}}],"line":467},"75":{"loc":{"start":{"line":482,"column":9},"end":{"line":747,"column":3}},"type":"if","locations":[{"start":{"line":482,"column":9},"end":{"line":747,"column":3}},{"start":{"line":612,"column":9},"end":{"line":747,"column":3}}],"line":482},"76":{"loc":{"start":{"line":483,"column":4},"end":{"line":611,"column":5}},"type":"if","locations":[{"start":{"line":483,"column":4},"end":{"line":611,"column":5}},{"start":{"line":585,"column":11},"end":{"line":611,"column":5}}],"line":483},"77":{"loc":{"start":{"line":485,"column":8},"end":{"line":489,"column":9}},"type":"if","locations":[{"start":{"line":485,"column":8},"end":{"line":489,"column":9}},{"start":{},"end":{}}],"line":485},"78":{"loc":{"start":{"line":493,"column":17},"end":{"line":493,"column":59}},"type":"cond-expr","locations":[{"start":{"line":493,"column":33},"end":{"line":493,"column":35}},{"start":{"line":493,"column":38},"end":{"line":493,"column":59}}],"line":493},"79":{"loc":{"start":{"line":493,"column":38},"end":{"line":493,"column":59}},"type":"cond-expr","locations":[{"start":{"line":493,"column":54},"end":{"line":493,"column":55}},{"start":{"line":493,"column":58},"end":{"line":493,"column":59}}],"line":493},"80":{"loc":{"start":{"line":496,"column":10},"end":{"line":500,"column":11}},"type":"if","locations":[{"start":{"line":496,"column":10},"end":{"line":500,"column":11}},{"start":{},"end":{}}],"line":496},"81":{"loc":{"start":{"line":504,"column":19},"end":{"line":504,"column":61}},"type":"cond-expr","locations":[{"start":{"line":504,"column":35},"end":{"line":504,"column":37}},{"start":{"line":504,"column":40},"end":{"line":504,"column":61}}],"line":504},"82":{"loc":{"start":{"line":504,"column":40},"end":{"line":504,"column":61}},"type":"cond-expr","locations":[{"start":{"line":504,"column":56},"end":{"line":504,"column":57}},{"start":{"line":504,"column":60},"end":{"line":504,"column":61}}],"line":504},"83":{"loc":{"start":{"line":507,"column":12},"end":{"line":511,"column":13}},"type":"if","locations":[{"start":{"line":507,"column":12},"end":{"line":511,"column":13}},{"start":{},"end":{}}],"line":507},"84":{"loc":{"start":{"line":515,"column":21},"end":{"line":515,"column":63}},"type":"cond-expr","locations":[{"start":{"line":515,"column":37},"end":{"line":515,"column":39}},{"start":{"line":515,"column":42},"end":{"line":515,"column":63}}],"line":515},"85":{"loc":{"start":{"line":515,"column":42},"end":{"line":515,"column":63}},"type":"cond-expr","locations":[{"start":{"line":515,"column":58},"end":{"line":515,"column":59}},{"start":{"line":515,"column":62},"end":{"line":515,"column":63}}],"line":515},"86":{"loc":{"start":{"line":519,"column":16},"end":{"line":538,"column":17}},"type":"if","locations":[{"start":{"line":519,"column":16},"end":{"line":538,"column":17}},{"start":{},"end":{}}],"line":519},"87":{"loc":{"start":{"line":520,"column":18},"end":{"line":523,"column":55}},"type":"binary-expr","locations":[{"start":{"line":520,"column":18},"end":{"line":520,"column":75}},{"start":{"line":521,"column":18},"end":{"line":521,"column":75}},{"start":{"line":522,"column":18},"end":{"line":522,"column":53}},{"start":{"line":523,"column":18},"end":{"line":523,"column":55}}],"line":520},"88":{"loc":{"start":{"line":526,"column":20},"end":{"line":536,"column":21}},"type":"if","locations":[{"start":{"line":526,"column":20},"end":{"line":536,"column":21}},{"start":{},"end":{}}],"line":526},"89":{"loc":{"start":{"line":527,"column":22},"end":{"line":531,"column":39}},"type":"binary-expr","locations":[{"start":{"line":527,"column":22},"end":{"line":527,"column":50}},{"start":{"line":528,"column":22},"end":{"line":528,"column":50}},{"start":{"line":529,"column":22},"end":{"line":529,"column":39}},{"start":{"line":530,"column":22},"end":{"line":530,"column":40}},{"start":{"line":531,"column":22},"end":{"line":531,"column":39}}],"line":527},"90":{"loc":{"start":{"line":541,"column":16},"end":{"line":560,"column":17}},"type":"if","locations":[{"start":{"line":541,"column":16},"end":{"line":560,"column":17}},{"start":{},"end":{}}],"line":541},"91":{"loc":{"start":{"line":542,"column":18},"end":{"line":545,"column":55}},"type":"binary-expr","locations":[{"start":{"line":542,"column":18},"end":{"line":542,"column":75}},{"start":{"line":543,"column":18},"end":{"line":543,"column":75}},{"start":{"line":544,"column":18},"end":{"line":544,"column":53}},{"start":{"line":545,"column":18},"end":{"line":545,"column":55}}],"line":542},"92":{"loc":{"start":{"line":548,"column":20},"end":{"line":558,"column":21}},"type":"if","locations":[{"start":{"line":548,"column":20},"end":{"line":558,"column":21}},{"start":{},"end":{}}],"line":548},"93":{"loc":{"start":{"line":549,"column":22},"end":{"line":553,"column":39}},"type":"binary-expr","locations":[{"start":{"line":549,"column":22},"end":{"line":549,"column":50}},{"start":{"line":550,"column":22},"end":{"line":550,"column":50}},{"start":{"line":551,"column":22},"end":{"line":551,"column":39}},{"start":{"line":552,"column":22},"end":{"line":552,"column":40}},{"start":{"line":553,"column":22},"end":{"line":553,"column":39}}],"line":549},"94":{"loc":{"start":{"line":564,"column":12},"end":{"line":581,"column":13}},"type":"if","locations":[{"start":{"line":564,"column":12},"end":{"line":581,"column":13}},{"start":{"line":579,"column":19},"end":{"line":581,"column":13}}],"line":564},"95":{"loc":{"start":{"line":565,"column":14},"end":{"line":578,"column":15}},"type":"if","locations":[{"start":{"line":565,"column":14},"end":{"line":578,"column":15}},{"start":{"line":567,"column":21},"end":{"line":578,"column":15}}],"line":565},"96":{"loc":{"start":{"line":567,"column":21},"end":{"line":578,"column":15}},"type":"if","locations":[{"start":{"line":567,"column":21},"end":{"line":578,"column":15}},{"start":{"line":576,"column":21},"end":{"line":578,"column":15}}],"line":567},"97":{"loc":{"start":{"line":569,"column":18},"end":{"line":571,"column":19}},"type":"if","locations":[{"start":{"line":569,"column":18},"end":{"line":571,"column":19}},{"start":{},"end":{}}],"line":569},"98":{"loc":{"start":{"line":587,"column":8},"end":{"line":591,"column":9}},"type":"if","locations":[{"start":{"line":587,"column":8},"end":{"line":591,"column":9}},{"start":{},"end":{}}],"line":587},"99":{"loc":{"start":{"line":592,"column":8},"end":{"line":609,"column":9}},"type":"if","locations":[{"start":{"line":592,"column":8},"end":{"line":609,"column":9}},{"start":{"line":607,"column":15},"end":{"line":609,"column":9}}],"line":592},"100":{"loc":{"start":{"line":593,"column":10},"end":{"line":606,"column":11}},"type":"if","locations":[{"start":{"line":593,"column":10},"end":{"line":606,"column":11}},{"start":{"line":595,"column":17},"end":{"line":606,"column":11}}],"line":593},"101":{"loc":{"start":{"line":595,"column":17},"end":{"line":606,"column":11}},"type":"if","locations":[{"start":{"line":595,"column":17},"end":{"line":606,"column":11}},{"start":{"line":604,"column":17},"end":{"line":606,"column":11}}],"line":595},"102":{"loc":{"start":{"line":597,"column":14},"end":{"line":599,"column":15}},"type":"if","locations":[{"start":{"line":597,"column":14},"end":{"line":599,"column":15}},{"start":{},"end":{}}],"line":597},"103":{"loc":{"start":{"line":613,"column":4},"end":{"line":746,"column":5}},"type":"if","locations":[{"start":{"line":613,"column":4},"end":{"line":746,"column":5}},{"start":{"line":715,"column":11},"end":{"line":746,"column":5}}],"line":613},"104":{"loc":{"start":{"line":615,"column":8},"end":{"line":619,"column":9}},"type":"if","locations":[{"start":{"line":615,"column":8},"end":{"line":619,"column":9}},{"start":{},"end":{}}],"line":615},"105":{"loc":{"start":{"line":623,"column":17},"end":{"line":623,"column":59}},"type":"cond-expr","locations":[{"start":{"line":623,"column":33},"end":{"line":623,"column":35}},{"start":{"line":623,"column":38},"end":{"line":623,"column":59}}],"line":623},"106":{"loc":{"start":{"line":623,"column":38},"end":{"line":623,"column":59}},"type":"cond-expr","locations":[{"start":{"line":623,"column":54},"end":{"line":623,"column":55}},{"start":{"line":623,"column":58},"end":{"line":623,"column":59}}],"line":623},"107":{"loc":{"start":{"line":626,"column":10},"end":{"line":630,"column":11}},"type":"if","locations":[{"start":{"line":626,"column":10},"end":{"line":630,"column":11}},{"start":{},"end":{}}],"line":626},"108":{"loc":{"start":{"line":634,"column":19},"end":{"line":634,"column":61}},"type":"cond-expr","locations":[{"start":{"line":634,"column":35},"end":{"line":634,"column":37}},{"start":{"line":634,"column":40},"end":{"line":634,"column":61}}],"line":634},"109":{"loc":{"start":{"line":634,"column":40},"end":{"line":634,"column":61}},"type":"cond-expr","locations":[{"start":{"line":634,"column":56},"end":{"line":634,"column":57}},{"start":{"line":634,"column":60},"end":{"line":634,"column":61}}],"line":634},"110":{"loc":{"st
[...]
ns":[{"start":{"line":694,"column":12},"end":{"line":711,"column":13}},{"start":{"line":709,"column":19},"end":{"line":711,"column":13}}],"line":694},"122":{"loc":{"start":{"line":695,"column":14},"end":{"line":708,"column":15}},"type":"if","locations":[{"start":{"line":695,"column":14},"end":{"line":708,"column":15}},{"start":{"line":697,"column":21},"end":{"line":708,"column":15}}],"line":695},"123":{"loc":{"start":{"line":697,"column":21},"end":{"line":708,"column":15}},"type":"if","locations":[{"start":{"line":697,"column":21},"end":{"line":708,"column":15}},{"start":{"line":706,"column":21},"end":{"line":708,"column":15}}],"line":697},"124":{"loc":{"start":{"line":699,"column":18},"end":{"line":701,"column":19}},"type":"if","locations":[{"start":{"line":699,"column":18},"end":{"line":701,"column":19}},{"start":{},"end":{}}],"line":699},"125":{"loc":{"start":{"line":717,"column":8},"end":{"line":721,"column":9}},"type":"if","locations":[{"start":{"line":717,"column":8},"end":{"line":721,"column":9}},{"start":{},"end":{}}],"line":717},"126":{"loc":{"start":{"line":725,"column":17},"end":{"line":725,"column":59}},"type":"cond-expr","locations":[{"start":{"line":725,"column":33},"end":{"line":725,"column":35}},{"start":{"line":725,"column":38},"end":{"line":725,"column":59}}],"line":725},"127":{"loc":{"start":{"line":725,"column":38},"end":{"line":725,"column":59}},"type":"cond-expr","locations":[{"start":{"line":725,"column":54},"end":{"line":725,"column":55}},{"start":{"line":725,"column":58},"end":{"line":725,"column":59}}],"line":725},"128":{"loc":{"start":{"line":727,"column":8},"end":{"line":744,"column":9}},"type":"if","locations":[{"start":{"line":727,"column":8},"end":{"line":744,"column":9}},{"start":{"line":742,"column":15},"end":{"line":744,"column":9}}],"line":727},"129":{"loc":{"start":{"line":728,"column":10},"end":{"line":741,"column":11}},"type":"if","locations":[{"start":{"line":728,"column":10},"end":{"line":741,"column":11}},{"start":{"line":730,"column":17},"end":{"line":741,"column":11}}],"line":728},"130":{"loc":{"start":{"line":730,"column":17},"end":{"line":741,"column":11}},"type":"if","locations":[{"start":{"line":730,"column":17},"end":{"line":741,"column":11}},{"start":{"line":739,"column":17},"end":{"line":741,"column":11}}],"line":730},"131":{"loc":{"start":{"line":732,"column":14},"end":{"line":734,"column":15}},"type":"if","locations":[{"start":{"line":732,"column":14},"end":{"line":734,"column":15}},{"start":{},"end":{}}],"line":732},"132":{"loc":{"start":{"line":756,"column":2},"end":{"line":760,"column":3}},"type":"if","locations":[{"start":{"line":756,"column":2},"end":{"line":760,"column":3}},{"start":{},"end":{}}],"line":756},"133":{"loc":{"start":{"line":766,"column":4},"end":{"line":770,"column":5}},"type":"if","locations":[{"start":{"line":766,"column":4},"end":{"line":770,"column":5}},{"start":{},"end":{}}],"line":766},"134":{"loc":{"start":{"line":819,"column":2},"end":{"line":826,"column":3}},"type":"if","locations":[{"start":{"line":819,"column":2},"end":{"line":826,"column":3}},{"start":{},"end":{}}],"line":819},"135":{"loc":{"start":{"line":829,"column":2},"end":{"line":836,"column":3}},"type":"if","locations":[{"start":{"line":829,"column":2},"end":{"line":836,"column":3}},{"start":{},"end":{}}],"line":829},"136":{"loc":{"start":{"line":850,"column":2},"end":{"line":877,"column":3}},"type":"if","locations":[{"start":{"line":850,"column":2},"end":{"line":877,"column":3}},{"start":{"line":866,"column":9},"end":{"line":877,"column":3}}],"line":850},"137":{"loc":{"start":{"line":852,"column":4},"end":{"line":865,"column":5}},"type":"if","locations":[{"start":{"line":852,"column":4},"end":{"line":865,"column":5}},{"start":{"line":854,"column":11},"end":{"line":865,"column":5}}],"line":852},"138":{"loc":{"start":{"line":879,"column":2},"end":{"line":1041,"column":3}},"type":"if","locations":[{"start":{"line":879,"column":2},"end":{"line":1041,"column":3}},{"start":{"line":924,"column":9},"end":{"line":1041,"column":3}}],"line":879},"139":{"loc":{"start":{"line":879,"column":6},"end":{"line":879,"column":40}},"type":"binary-expr","locations":[{"start":{"line":879,"column":6},"end":{"line":879,"column":21}},{"start":{"line":879,"column":25},"end":{"line":879,"column":40}}],"line":879},"140":{"loc":{"start":{"line":889,"column":8},"end":{"line":893,"column":9}},"type":"if","locations":[{"start":{"line":889,"column":8},"end":{"line":893,"column":9}},{"start":{},"end":{}}],"line":889},"141":{"loc":{"start":{"line":898,"column":17},"end":{"line":898,"column":59}},"type":"cond-expr","locations":[{"start":{"line":898,"column":33},"end":{"line":898,"column":35}},{"start":{"line":898,"column":38},"end":{"line":898,"column":59}}],"line":898},"142":{"loc":{"start":{"line":898,"column":38},"end":{"line":898,"column":59}},"type":"cond-expr","locations":[{"start":{"line":898,"column":54},"end":{"line":898,"column":55}},{"start":{"line":898,"column":58},"end":{"line":898,"column":59}}],"line":898},"143":{"loc":{"start":{"line":901,"column":30},"end":{"line":901,"column":48}},"type":"binary-expr","locations":[{"start":{"line":901,"column":30},"end":{"line":901,"column":42}},{"start":{"line":901,"column":46},"end":{"line":901,"column":48}}],"line":901},"144":{"loc":{"start":{"line":904,"column":8},"end":{"line":921,"column":9}},"type":"if","locations":[{"start":{"line":904,"column":8},"end":{"line":921,"column":9}},{"start":{"line":919,"column":15},"end":{"line":921,"column":9}}],"line":904},"145":{"loc":{"start":{"line":905,"column":10},"end":{"line":918,"column":11}},"type":"if","locations":[{"start":{"line":905,"column":10},"end":{"line":918,"column":11}},{"start":{"line":907,"column":17},"end":{"line":918,"column":11}}],"line":905},"146":{"loc":{"start":{"line":907,"column":17},"end":{"line":918,"column":11}},"type":"if","locations":[{"start":{"line":907,"column":17},"end":{"line":918,"column":11}},{"start":{"line":916,"column":17},"end":{"line":918,"column":11}}],"line":907},"147":{"loc":{"start":{"line":909,"column":14},"end":{"line":911,"column":15}},"type":"if","locations":[{"start":{"line":909,"column":14},"end":{"line":911,"column":15}},{"start":{},"end":{}}],"line":909},"148":{"loc":{"start":{"line":924,"column":9},"end":{"line":1041,"column":3}},"type":"if","locations":[{"start":{"line":924,"column":9},"end":{"line":1041,"column":3}},{"start":{"line":965,"column":9},"end":{"line":1041,"column":3}}],"line":924},"149":{"loc":{"start":{"line":929,"column":8},"end":{"line":933,"column":9}},"type":"if","locations":[{"start":{"line":929,"column":8},"end":{"line":933,"column":9}},{"start":{},"end":{}}],"line":929},"150":{"loc":{"start":{"line":938,"column":17},"end":{"line":938,"column":59}},"type":"cond-expr","locations":[{"start":{"line":938,"column":33},"end":{"line":938,"column":35}},{"start":{"line":938,"column":38},"end":{"line":938,"column":59}}],"line":938},"151":{"loc":{"start":{"line":938,"column":38},"end":{"line":938,"column":59}},"type":"cond-expr","locations":[{"start":{"line":938,"column":54},"end":{"line":938,"column":55}},{"start":{"line":938,"column":58},"end":{"line":938,"column":59}}],"line":938},"152":{"loc":{"start":{"line":941,"column":30},"end":{"line":941,"column":48}},"type":"binary-expr","locations":[{"start":{"line":941,"column":30},"end":{"line":941,"column":42}},{"start":{"line":941,"column":46},"end":{"line":941,"column":48}}],"line":941},"153":{"loc":{"start":{"line":945,"column":8},"end":{"line":962,"column":9}},"type":"if","locations":[{"start":{"line":945,"column":8},"end":{"line":962,"column":9}},{"start":{"line":960,"column":15},"end":{"line":962,"column":9}}],"line":945},"154":{"loc":{"start":{"line":946,"column":10},"end":{"line":959,"column":11}},"type":"if","locations":[{"start":{"line":946,"column":10},"end":{"line":959,"column":11}},{"start":{"line":948,"column":17},"end":{"line":959,"column":11}}],"line":946},"155":{"loc":{"start":{"line":948,"column":17},"end":{"line":959,"column":11}},"type":"if","locations":[{"start":{"line":948,"column":17},"end":{"line":959,"column":11}},{"start":{"line":957,"column":17},"end":{"line":959,"column":11}}],"line":948},"156":{"loc":{"start":{"line":950,"column":14},"end":{"line":952,"column":15}},"type":"if","locations":[{"start":{"line":950,"column":14},"end":{"line":952,"column":15}},{"start":{},"end":{}}],"line":950},"157":{"loc":{"start":{"line":965,"column":9},"end":{"line":1041,"column":3}},"type":"if","locations":[{"start":{"line":965,"column":9},"end":{"line":1041,"column":3}},{"start":{"line":1005,"column":9},"end":{"line":1041,"column":3}}],"line":965},"158":{"loc":{"start":{"line":970,"column":8},"end":{"line":974,"column":9}},"type":"if","locations":[{"start":{"line":970,"column":8},"end":{"line":974,"column":9}},{"start":{},"end":{}}],"line":970},"159":{"loc":{"start":{"line":979,"column":17},"end":{"line":979,"column":59}},"type":"cond-expr","locations":[{"start":{"line":979,"column":33},"end":{"line":979,"column":35}},{"start":{"line":979,"column":38},"end":{"line":979,"column":59}}],"line":979},"160":{"loc":{"start":{"line":979,"column":38},"end":{"line":979,"column":59}},"type":"cond-expr","locations":[{"start":{"line":979,"column":54},"end":{"line":979,"column":55}},{"start":{"line":979,"column":58},"end":{"line":979,"column":59}}],"line":979},"161":{"loc":{"start":{"line":982,"column":30},"end":{"line":982,"column":48}},"type":"binary-expr","locations":[{"start":{"line":982,"column":30},"end":{"line":982,"column":42}},{"start":{"line":982,"column":46},"end":{"line":982,"column":48}}],"line":982},"162":{"loc":{"start":{"line":985,"column":8},"end":{"line":1002,"column":9}},"type":"if","locations":[{"start":{"line":985,"column":8},"end":{"line":1002,"column":9}},{"start":{"line":1000,"column":15},"end":{"line":1002,"column":9}}],"line":985},"163":{"loc":{"start":{"line":986,"column":10},"end":{"line":999,"column":11}},"type":"if","locations":[{"start":{"line":986,"column":10},"end":{"line":999,"column":11}},{"start":{"line":988,"column":17},"end":{"line":999,"column":11}}],"line":986},"164":{"loc":{"start":{"line":988,"column":17},"end":{"line":999,"column":11}},"type":"if","locations":[{"start":{"line":988,"column":17},"end":{"line":999,"column":11}},{"start":{"line":997,"column":17},"end":{"line":999,"column":11}}],"line":988},"165":{"loc":{"start":{"line":990,"column":14},"end":{"line":992,"column":15}},"type":"if","locations":[{"start":{"line":990,"column":14},"end":{"line":992,"column":15}},{"start":{},"end":{}}],"line":990},"166":{"loc":{"start":{"line":1007,"column":6},"end":{"line":1011,"column":7}},"type":"if","locations":[{"start":{"line":1007,"column":6},"end":{"line":1011,"column":7}},{"start":{},"end":{}}],"line":1007},"167":{"loc":{"start":{"line":1016,"column":15},"end":{"line":1016,"column":57}},"type":"cond-expr","locations":[{"start":{"line":1016,"column":31},"end":{"line":1016,"column":33}},{"start":{"line":1016,"column":36},"end":{"line":1016,"column":57}}],"line":1016},"168":{"loc":{"start":{"line":1016,"column":36},"end":{"line":1016,"column":57}},"type":"cond-expr","locations":[{"start":{"line":1016,"column":52},"end":{"line":1016,"column":53}},{"start":{"line":1016,"column":56},"end":{"line":1016,"column":57}}],"line":1016},"169":{"loc":{"start":{"line":1019,"column":28},"end":{"line":1019,"column":46}},"type":"binary-expr","locations":[{"start":{"line":1019,"column":28},"end":{"line":1019,"column":40}},{"start":{"line":1019,"column":44},"end":{"line":1019,"column":46}}],"line":1019},"170":{"loc":{"start":{"line":1022,"column":6},"end":{"line":1039,"column":7}},"type":"if","locations":[{"start":{"line":1022,"column":6},"end":{"line":1039,"column":7}},{"start":{"line":1037,"column":13},"end":{"line":1039,"column":7}}],"line":1022},"171":{"loc":{"start":{"line":1023,"column":8},"end":{"line":1036,"column":9}},"type":"if","locations":[{"start":{"line":1023,"column":8},"end":{"line":1036,"column":9}},{"start":{"line":1025,"column":15},"end":{"line":1036,"column":9}}],"line":1023},"172":{"loc":{"start":{"line":1025,"column":15},"end":{"line":1036,"column":9}},"type":"if","locations":[{"start":{"line":1025,"column":15},"end":{"line":1036,"column":9}},{"start":{"line":1034,"column":15},"end":{"line":1036,"column":9}}],"line":1025},"173":{"loc":{"start":{"line":1027,"column":12},"end":{"line":1029,"column":13}},"type":"if","locations":[{"start":{"line":1027,"column":12},"end":{"line":1029,"column":13}},{"start":{},"end":{}}],"line":1027}},"s":{"0":1,"1":1,"2":1,"3":1,"4":1,"5":1,"6":1,"7":1,"8":1,"9":1,"10":1,"11":1,"12":1,"13":1,"14":1,"15":1,"16":1,"17":4,"18":4,"19":1,"20":4,"21":4,"22":0,"23":1,"24":1,"25":3,"26":0,"27":3,"28":3,"29":3,"30":3,"31":0,"32":3,"33":0,"34":3,"35":3,"36":3,"37":1,"38":2,"39":2,"40":2,"41":2,"42":2,"43":2,"44":2,"45":1308,"46":1308,"47":1308,"48":1308,"49":1308,"50":2,"51":0,"52":560,"53":560,"54":560,"55":368480,"56":368480,"57":0,"58":560,"59":0,"60":560,"61":560,"62":2,"63":0,"64":0,"65":2,"66":1,"67":12,"68":0,"69":12,"70":12,"71":8,"72":12,"73":0,"74":12,"75":0,"76":12,"77":0,"78":12,"79":12,"80":12,"81":12,"82":12,"83":6,"84":6,"85":6,"86":12,"87":12,"88":6,"89":12,"90":12,"91":6,"92":6,"93":6,"94":18,"95":18,"96":6,"97":12,"98":12,"99":3,"100":3,"101":3,"102":3,"103":3,"104":3,"105":0,"106":3,"107":3,"108":3,"109":3,"110":21,"111":21,"112":21,"113":21,"114":21,"115":12,"116":3,"117":1,"118":2,"119":1,"120":0,"121":1,"122":1,"123":1,"124":1,"125":1,"126":2,"127":1,"128":0,"129":1,"130":1,"131":1,"132":1,"133":1,"134":2,"135":1,"136":0,"137":1,"138":1,"139":1,"140":1,"141":1,"142":1,"143":2,"144":2,"145":4,"146":2,"147":24,"148":14,"149":14,"150":2,"151":2,"152":4,"153":2,"154":24,"155":14,"156":14,"157":1,"158":1,"159":1,"160":0,"161":0,"162":0,"163":0,"164":0,"165":0,"166":0,"167":2,"168":4,"169":2,"170":0,"171":2,"172":2,"173":1,"174":1,"175":1,"176":1,"177":0,"178":1,"179":0,"180":0,"181":9,"182":3,"183":1,"184":1,"185":0,"186":1,"187":15,"188":15,"189":15,"190":1,"191":1,"192":0,"193":1,"194":16,"195":16,"196":16,"197":1,"198":1,"199":0,"200":1,"201":15,"202":15,"203":15,"204":1,"205":1,"206":16,"207":16,"208":272,"209":16,"210":10544,"211":10464,"212":10464,"213":16,"214":16,"215":256,"216":16,"217":10544,"218":10464,"219":10464,"220":1,"221":1,"222":1,"223":0,"224":0,"225":0,"226":0,"227":0,"228":0,"229":0,"230":2,"231":2,"232":0,"233":2,"234":2,"235":1,"236":1,"237":1,"238":1,"239":0,"240":1,"241":0,"242":0,"243":6,"244":3,"245":1,"246":1,"247":0,"248":1,"249":4,"250":4,"251":4,"252":1,"253":1,"254":0,"255":1,"256":4,"257":4,"258":4,"259":1,"260":1,"261":0,"262":1,"263":4,"264":4,"265":4,"266":1,"267":1,"268":3,"269":3,"270":9,"271":3,"272":1977,"273":1962,"274":1962,"275":3,"276":3,"277":9,"278":3,"279":1977,"280":1962,"281":1962,"282":1,"283":1,"284":1,"285":0,"286":0,"287":0,"288":0,"289":0,"290":0,"291":0,"292":2,"293":2,"294":0,"295":2,"296":2,"297":1,"298":1,"299":1,"300":1,"301":0,"302":1,"303":0,"304":0,"305":3,"306":1,"307":1,"308":0,"309":1,"310":1912,"311":1912,"312":1912,"313":1,"314":1,"315":0,"316":1,"317":1943,"318":1943,"319":1943,"320":1,"321":1,"322":0,"323":1,"324":1893,"325":1893,"326":1893,"327":1,"328":1,"329":280,"330":280,"331":80080,"332":280,"333":184520,"334":183120,"335":183120,"336":280,"337":280,"338":78400,"339":280,"340":184520,"341":183120,"342":183120,"343":1,"344":1,"345":1,"346":0,"347":0,"348":0,"349":0,"350":0,"351":0,"352":0,"353":2,"354":2,"355":0,"356":2,"357":3824,"358":3824,"359":3824,"360":2,"361":2,"362":1,"363":1,"364":1,"365":1,"366":0,"367":1,"368":0,"369":0,"370":1,"371":0,"372":1,"373":3,"374":0,"375":3,"376":3,"377":3,"378":3,"379":1,"380":2,"381":2,"382":2,"383":0,"384":8004,"385":8004,"386":8004,"387":8004,"388":8004,"389":8004,"390":2,"391":0,"392":0,"393":2,"394":1,"395":4,"396":4,"397":4,"398":4,"399":4,"400":4,"401":4,"402":2,"403":2,"404":2,"405":3,"406":3,"407":2,"408":4,"409":4,"410":2,"411":2,"412":2,"413":6,"414":6,"415":2,"416":4,"417":4,"418":4,"419":4,"420":4,"421":4,"422":4,"423":4,"424":4,"425":4,"426":4,"427":4,"428":4,"429":4,"430":4,"431":0,"432":0,"433":0,"434":0,"435":0,"436":0,"437":0,"438":0,"439":0,"440":0,"441":0,"442":0,"443":0,"444":0,"445":0,"446":0,"447":0,"448":0,"449":0,"450":0,"451":4,"452":1,"453":2,"454":6,"455":1,"456":0,"457":1,"458":1,"459":1,"460":1,"461":1,"462":2,"463":2,"464":1,"465":1,"466":0,"467":1,"468":1,"469":1,"470":0,"471":1,"472":0,"473":0,"474":3,"475":1,"476":1,"477":1,"478":0,"479":1,"480":33,"481":33,"482":33,"483":1,"484":34,"485":34,"486":1,"487":1,"488":0,"489":1,"490":1,"491":1,"492":0,"493":1,"494":0,"495":0,"496":2,"497":1,"498":3,"499":1,"500":0,"501":1,"502":3,"503":3,"504":3,"505":1,"506":4,"507":4,"508":1,"509":1,"510":0,"511":1,"512":1,"513":1,"514":0,"515":1,"516":0,"517":0,"518":1,"519":1,"520":0,"521":1,"522":4001,"523":4001,"524":4001,"525":1,"526":4002,"527":4002,"528":1,"529":1,"530":0,"531":1,"532":1,"533":1,"534":0,"535":1,"536":0,"537":0,"538":1},"f":{"0":4,"1":4,"2":4,"3":3,"4":0,"5":560,"6":2,"7":12,"8":2,"9":1,"10":1,"11":2,"12":1,"13":1,"14":2,"15":1,"16":1,"17":0,"18":4,"19":2,"20":1,"21":1,"22":15,"23":1,"24":16,"25":1,"26":15,"27":0,"28":2,"29":1,"30":1,"31":4,"32":1,"33":4,"34":1,"35":4,"36":0,"37":2,"38":1,"39":1,"40":1912,"41":1,"42":1943,"43":1,"44":1893,"45":0,"46":2,"47":3824,"48":1,"49":0,"50":3,"51":0,"52":8004,"53":2,"54":4,"55":2,"56":6,"57":1,"58":1,"59":2,"60":1,"61":1,"62":1,"63":33,"64":34,"65":1,"66":3,"67":1,"68":3,"69":4,"70":1,"71":1,"72":4001,"73":4002,"74":1},"b":{"0":[4,0],"1":[0,3],"2":[3,0],"3":[0,3],"4":[0,3],"5":[1,2],"6":[0,368480],"7":[0,560],"8":[0,12],"9":[8,4],"10":[0,12],"11":[0,12],"12":[0,12],"13":[12,4,4,4],"14":[6,6],"15":[6,6],"16":[3,9],"17":[0,3],"18":[3,9],"19":[12,6],"20":[1,2],"21":[0,1],"22":[0,1],"23":[0,1],"24":[0,1],"25":[0,1],"26":[0,1],"27":[0,1],"28":[0,1],"29":[0,1],"30":[2,2],"31":[4,4,2,2],"32":[14,10],"33":[24,22,20,18,16],"34":[2,2],"35":[4,4,2,2],"36":[14,10],"37":[24,22,20,18,16],"38":[1,0],"39":[1,0],"40":[0,0],"41":[0,0],"42":[0,2],"43":[2,0],"44":[1,1],"45":[1,0],"46":[0,1],"47":[3,6],"48":[1,2],"49":[0,1],"50":[0,15],"51":[0,15],"52":[0,1],"53":[0,16],"54":[0,16],"55":[0,1],"56":[0,15],"57":[0,15],"58":[16,256],"59":[272,272,16,16],"60":[10464,80],"61":[10544,10528,10512,10496,10480],"62":[16,240],"63":[256,256,16,16],"64":[10464,80],"65":[10544,10528,10512,10496,10480],"66":[1,0],"67":[1,0],"68":[0,0],"69":[0,0],"70":[0,2],"71":[2,0],"72":[1,1],"73":[1,0],"74":[0,1],"75":[3,3],"76":[1,2],"77":[0,1],"78":[2,2],"79":[0,2],"80":[0,1],"81":[2,2],"82":[0,2],"83":[0,1],"84":[2,2],"85":[0,2],"86":[3,6],"87":[9,5,3,3],"88":[1962,15],"89":[1977,1974,1971,1968,1965],"90":[3,6],"91":[9,5,3,3],"92":[1962,15],"93":[1977,1974,1971,1968,1965],"94":[1,0],"95":[1,0],"96":[0,0],"97":[0,0],"98":[0,2],"99":[2,0],"100":[1,1],"101":[1,0],"102":[0,1],"103":[1,2],"104":[0,1],"105":[1005,907],"106":[724,183],"107":[0,1],"108":[988,955],"109":[759,196],"110":[0,1],"111":[997,896],"112":[717,179],"113":[280,79800],"114":[80080,2077,285,280],"115":[183120,1400],"116":[184520,184240,183960,183680,183400],"117":[280,78120],"118":[78400,1990,280,280],"119":[183120,1400],"120":[184520,184240,183960,183680,183400],"121":[1,0],"122":[1,0],"123":[0,0],"124":[0,0],"125":[0,2],"126":[2010,1814],"127":[1448,366],"128":[2,0],"129":[1,1],"130":[1,0],"131":[0,1],"132":[0,3],"133":[1,2],"134":[2,2],"135":[2,2],"136":[4,0],"137":[4,0],"138":[1,3],"139":[4,2],"140":[0,1],"141":[0,1],"142":[0,1],"143":[2,1],"144":[1,0],"145":[0,1],"146":[1,0],"147":[0,1],"148":[1,2],"149":[0,1],"150":[0,33],"151":[0,33],"152":[34,1],"153":[1,0],"154":[0,1],"155":[1,0],"156":[0,1],"157":[1,1],"158":[0,1],"159":[0,3],"160":[0,3],"161":[4,1],"162":[1,0],"163":[0,1],"164":[1,0],"165":[0,1],"166":[0,1],"167":[0,4001],"168":[0,4001],"169":[4002,1],"170":[1,0],"171":[0,1],"172":[1,0],"173":[0,1]},"_coverageSchema":"1a1c01bbd47fc00a2c39e90264f33305004495a9","hash":"44fab55c209561fa0e8b53723f55e800c279fe41"}
}
