TN:
SF:app.js
FN:26,(anonymous_0)
FN:29,(anonymous_1)
FN:35,(anonymous_2)
FN:45,(anonymous_3)
FN:86,(anonymous_4)
FN:89,(anonymous_5)
FN:109,(anonymous_6)
FN:124,(anonymous_7)
FN:201,(anonymous_8)
FN:203,(anonymous_9)
FN:209,(anonymous_10)
FN:215,(anonymous_11)
FN:217,(anonymous_12)
FN:223,(anonymous_13)
FN:229,(anonymous_14)
FN:231,(anonymous_15)
FN:237,(anonymous_16)
FN:299,(anonymous_17)
FN:323,(anonymous_18)
FN:325,(anonymous_19)
FN:335,(anonymous_20)
FN:354,(anonymous_21)
FN:360,(anonymous_22)
FN:365,(anonymous_23)
FN:371,(anonymous_24)
FN:376,(anonymous_25)
FN:382,(anonymous_26)
FN:438,(anonymous_27)
FN:456,(anonymous_28)
FN:466,(anonymous_29)
FN:484,(anonymous_30)
FN:490,(anonymous_31)
FN:495,(anonymous_32)
FN:501,(anonymous_33)
FN:506,(anonymous_34)
FN:512,(anonymous_35)
FN:568,(anonymous_36)
FN:586,(anonymous_37)
FN:596,(anonymous_38)
FN:614,(anonymous_39)
FN:620,(anonymous_40)
FN:625,(anonymous_41)
FN:631,(anonymous_42)
FN:636,(anonymous_43)
FN:642,(anonymous_44)
FN:698,(anonymous_45)
FN:716,(anonymous_46)
FN:722,(anonymous_47)
FN:731,(anonymous_48)
FN:750,(anonymous_49)
FN:755,(anonymous_50)
FN:777,(anonymous_51)
FN:780,(anonymous_52)
FN:795,(anonymous_53)
FN:810,(anonymous_54)
FN:882,(anonymous_55)
FN:884,(anonymous_56)
FN:888,(anonymous_57)
FN:895,(anonymous_58)
FN:900,(anonymous_59)
FN:908,(anonymous_60)
FN:926,(anonymous_61)
FN:928,(anonymous_62)
FN:935,(anonymous_63)
FN:940,(anonymous_64)
FN:949,(anonymous_65)
FN:967,(anonymous_66)
FN:969,(anonymous_67)
FN:976,(anonymous_68)
FN:981,(anonymous_69)
FN:989,(anonymous_70)
FN:1006,(anonymous_71)
FN:1013,(anonymous_72)
FN:1018,(anonymous_73)
FN:1026,(anonymous_74)
FNF:75
FNH:68
FNDA:4,(anonymous_0)
FNDA:4,(anonymous_1)
FNDA:4,(anonymous_2)
FNDA:3,(anonymous_3)
FNDA:0,(anonymous_4)
FNDA:560,(anonymous_5)
FNDA:2,(anonymous_6)
FNDA:12,(anonymous_7)
FNDA:2,(anonymous_8)
FNDA:1,(anonymous_9)
FNDA:1,(anonymous_10)
FNDA:2,(anonymous_11)
FNDA:1,(anonymous_12)
FNDA:1,(anonymous_13)
FNDA:2,(anonymous_14)
FNDA:1,(anonymous_15)
FNDA:1,(anonymous_16)
FNDA:0,(anonymous_17)
FNDA:4,(anonymous_18)
FNDA:2,(anonymous_19)
FNDA:1,(anonymous_20)
FNDA:1,(anonymous_21)
FNDA:15,(anonymous_22)
FNDA:1,(anonymous_23)
FNDA:16,(anonymous_24)
FNDA:1,(anonymous_25)
FNDA:15,(anonymous_26)
FNDA:0,(anonymous_27)
FNDA:2,(anonymous_28)
FNDA:1,(anonymous_29)
FNDA:1,(anonymous_30)
FNDA:4,(anonymous_31)
FNDA:1,(anonymous_32)
FNDA:4,(anonymous_33)
FNDA:1,(anonymous_34)
FNDA:4,(anonymous_35)
FNDA:0,(anonymous_36)
FNDA:2,(anonymous_37)
FNDA:1,(anonymous_38)
FNDA:1,(anonymous_39)
FNDA:1912,(anonymous_40)
FNDA:1,(anonymous_41)
FNDA:1943,(anonymous_42)
FNDA:1,(anonymous_43)
FNDA:1893,(anonymous_44)
FNDA:0,(anonymous_45)
FNDA:2,(anonymous_46)
FNDA:3824,(anonymous_47)
FNDA:1,(anonymous_48)
FNDA:0,(anonymous_49)
FNDA:3,(anonymous_50)
FNDA:0,(anonymous_51)
FNDA:8004,(anonymous_52)
FNDA:2,(anonymous_53)
FNDA:4,(anonymous_54)
FNDA:2,(anonymous_55)
FNDA:6,(anonymous_56)
FNDA:1,(anonymous_57)
FNDA:1,(anonymous_58)
FNDA:2,(anonymous_59)
FNDA:1,(anonymous_60)
FNDA:1,(anonymous_61)
FNDA:1,(anonymous_62)
FNDA:33,(anonymous_63)
FNDA:34,(anonymous_64)
FNDA:1,(anonymous_65)
FNDA:3,(anonymous_66)
FNDA:1,(anonymous_67)
FNDA:3,(anonymous_68)
FNDA:4,(anonymous_69)
FNDA:1,(anonymous_70)
FNDA:1,(anonymous_71)
FNDA:4001,(anonymous_72)
FNDA:4002,(anonymous_73)
FNDA:1,(anonymous_74)
DA:1,1
DA:3,1
DA:4,1
DA:5,1
DA:6,1
DA:7,1
DA:8,1
DA:9,1
DA:10,1
DA:11,1
DA:13,1
DA:14,1
DA:16,1
DA:17,1
DA:19,1
DA:22,1
DA:25,1
DA:27,4
DA:30,4
DA:35,1
DA:36,4
DA:37,4
DA:39,0
DA:42,1
DA:45,1
DA:46,3
DA:47,0
DA:52,3
DA:53,3
DA:54,3
DA:56,3
DA:57,0
DA:59,3
DA:60,0
DA:62,3
DA:63,3
DA:64,3
DA:65,1
DA:71,2
DA:72,2
DA:73,2
DA:74,2
DA:75,2
DA:76,2
DA:77,1308
DA:78,1308
DA:79,1308
DA:80,1308
DA:81,1308
DA:84,2
DA:87,0
DA:90,560
DA:91,560
DA:92,560
DA:93,368480
DA:94,368480
DA:95,0
DA:98,560
DA:99,0
DA:101,560
DA:107,560
DA:110,2
DA:113,0
DA:114,0
DA:118,2
DA:124,1
DA:125,12
DA:126,0
DA:131,12
DA:132,12
DA:133,8
DA:135,12
DA:136,0
DA:138,12
DA:139,0
DA:141,12
DA:147,0
DA:152,12
DA:153,12
DA:154,12
DA:156,12
DA:157,12
DA:158,6
DA:159,6
DA:160,12
DA:161,12
DA:163,6
DA:166,12
DA:167,12
DA:168,6
DA:169,6
DA:170,18
DA:171,18
DA:173,6
DA:176,12
DA:177,12
DA:178,3
DA:179,3
DA:180,3
DA:181,3
DA:182,3
DA:183,3
DA:184,0
DA:186,3
DA:187,3
DA:188,3
DA:189,21
DA:190,21
DA:191,21
DA:192,21
DA:193,21
DA:198,12
DA:199,3
DA:200,1
DA:201,2
DA:204,1
DA:205,0
DA:209,1
DA:210,1
DA:211,1
DA:212,1
DA:214,1
DA:215,2
DA:218,1
DA:219,0
DA:223,1
DA:224,1
DA:225,1
DA:226,1
DA:228,1
DA:229,2
DA:232,1
DA:233,0
DA:237,1
DA:238,1
DA:239,1
DA:240,1
DA:242,1
DA:243,2
DA:244,4
DA:252,2
DA:253,24
DA:261,14
DA:263,14
DA:268,2
DA:269,4
DA:277,2
DA:278,24
DA:286,14
DA:288,14
DA:295,1
DA:296,1
DA:297,1
DA:298,0
DA:299,0
DA:300,0
DA:301,0
DA:305,0
DA:308,0
DA:313,0
DA:322,2
DA:323,4
DA:326,2
DA:327,0
DA:331,2
DA:332,2
DA:333,1
DA:334,1
DA:335,1
DA:336,1
DA:337,0
DA:341,1
DA:344,0
DA:347,0
DA:352,9
DA:353,3
DA:354,1
DA:355,1
DA:356,0
DA:360,1
DA:361,15
DA:362,15
DA:363,15
DA:365,1
DA:366,1
DA:367,0
DA:371,1
DA:372,16
DA:373,16
DA:374,16
DA:376,1
DA:377,1
DA:378,0
DA:382,1
DA:383,15
DA:384,15
DA:385,15
DA:387,1
DA:388,16
DA:389,272
DA:395,16
DA:396,10544
DA:404,10464
DA:405,10464
DA:410,16
DA:411,256
DA:417,16
DA:418,10544
DA:426,10464
DA:427,10464
DA:434,1
DA:435,1
DA:436,1
DA:437,0
DA:438,0
DA:439,0
DA:440,0
DA:444,0
DA:447,0
DA:450,0
DA:456,2
DA:457,2
DA:458,0
DA:462,2
DA:463,2
DA:464,1
DA:465,1
DA:466,1
DA:467,1
DA:468,0
DA:472,1
DA:475,0
DA:478,0
DA:482,6
DA:483,3
DA:484,1
DA:485,1
DA:486,0
DA:490,1
DA:491,4
DA:492,4
DA:493,4
DA:495,1
DA:496,1
DA:497,0
DA:501,1
DA:502,4
DA:503,4
DA:504,4
DA:506,1
DA:507,1
DA:508,0
DA:512,1
DA:513,4
DA:514,4
DA:515,4
DA:517,1
DA:518,3
DA:519,9
DA:525,3
DA:526,1977
DA:534,1962
DA:535,1962
DA:540,3
DA:541,9
DA:547,3
DA:548,1977
DA:556,1962
DA:557,1962
DA:564,1
DA:565,1
DA:566,1
DA:567,0
DA:568,0
DA:569,0
DA:570,0
DA:574,0
DA:577,0
DA:580,0
DA:586,2
DA:587,2
DA:588,0
DA:592,2
DA:593,2
DA:594,1
DA:595,1
DA:596,1
DA:597,1
DA:598,0
DA:602,1
DA:605,0
DA:608,0
DA:613,3
DA:614,1
DA:615,1
DA:616,0
DA:620,1
DA:621,1912
DA:622,1912
DA:623,1912
DA:625,1
DA:626,1
DA:627,0
DA:631,1
DA:632,1943
DA:633,1943
DA:634,1943
DA:636,1
DA:637,1
DA:638,0
DA:642,1
DA:643,1893
DA:644,1893
DA:645,1893
DA:647,1
DA:648,280
DA:649,80080
DA:655,280
DA:656,184520
DA:664,183120
DA:665,183120
DA:670,280
DA:671,78400
DA:677,280
DA:678,184520
DA:686,183120
DA:687,183120
DA:694,1
DA:695,1
DA:696,1
DA:697,0
DA:698,0
DA:699,0
DA:700,0
DA:704,0
DA:707,0
DA:710,0
DA:716,2
DA:717,2
DA:718,0
DA:722,2
DA:723,3824
DA:724,3824
DA:725,3824
DA:727,2
DA:728,2
DA:729,1
DA:730,1
DA:731,1
DA:732,1
DA:733,0
DA:737,1
DA:740,0
DA:743,0
DA:750,1
DA:751,0
DA:755,1
DA:756,3
DA:757,0
DA:762,3
DA:763,3
DA:765,3
DA:766,3
DA:767,1
DA:773,2
DA:774,2
DA:775,2
DA:778,0
DA:781,8004
DA:782,8004
DA:783,8004
DA:784,8004
DA:785,8004
DA:793,8004
DA:796,2
DA:799,0
DA:800,0
DA:804,2
DA:810,1
DA:811,4
DA:812,4
DA:814,4
DA:815,4
DA:816,4
DA:818,4
DA:819,4
DA:820,2
DA:821,2
DA:822,3
DA:823,3
DA:825,2
DA:828,4
DA:829,4
DA:830,2
DA:831,2
DA:832,6
DA:833,6
DA:835,2
DA:838,4
DA:839,4
DA:840,4
DA:841,4
DA:842,4
DA:843,4
DA:844,4
DA:845,4
DA:846,4
DA:847,4
DA:849,4
DA:850,4
DA:851,4
DA:852,4
DA:853,4
DA:855,0
DA:856,0
DA:857,0
DA:858,0
DA:859,0
DA:860,0
DA:861,0
DA:862,0
DA:863,0
DA:867,0
DA:868,0
DA:869,0
DA:870,0
DA:871,0
DA:872,0
DA:873,0
DA:874,0
DA:875,0
DA:879,4
DA:880,1
DA:882,2
DA:884,6
DA:889,1
DA:890,0
DA:895,1
DA:896,1
DA:897,1
DA:898,1
DA:900,1
DA:901,2
DA:902,2
DA:904,1
DA:905,1
DA:906,0
DA:907,1
DA:908,1
DA:909,1
DA:910,0
DA:914,1
DA:917,0
DA:920,0
DA:924,3
DA:925,1
DA:926,1
DA:929,1
DA:930,0
DA:935,1
DA:936,33
DA:937,33
DA:938,33
DA:940,1
DA:941,34
DA:943,34
DA:945,1
DA:946,1
DA:947,0
DA:948,1
DA:949,1
DA:950,1
DA:951,0
DA:955,1
DA:958,0
DA:961,0
DA:965,2
DA:966,1
DA:967,3
DA:970,1
DA:971,0
DA:976,1
DA:977,3
DA:978,3
DA:979,3
DA:981,1
DA:982,4
DA:983,4
DA:985,1
DA:986,1
DA:987,0
DA:988,1
DA:989,1
DA:990,1
DA:991,0
DA:995,1
DA:998,0
DA:1001,0
DA:1006,1
DA:1007,1
DA:1008,0
DA:1013,1
DA:1014,4001
DA:1015,4001
DA:1016,4001
DA:1018,1
DA:1019,4002
DA:1020,4002
DA:1022,1
DA:1023,1
DA:1024,0
DA:1025,1
DA:1026,1
DA:1027,1
DA:1028,0
DA:1032,1
DA:1035,0
DA:1038,0
DA:1044,1
LF:519
LH:406
BRDA:36,0,0,4
BRDA:36,0,1,0
BRDA:46,1,0,0
BRDA:46,1,1,3
BRDA:53,2,0,3
BRDA:53,2,1,0
BRDA:56,3,0,0
BRDA:56,3,1,3
BRDA:59,4,0,0
BRDA:59,4,1,3
BRDA:64,5,0,1
BRDA:64,5,1,2
BRDA:94,6,0,0
BRDA:94,6,1,368480
BRDA:98,7,0,0
BRDA:98,7,1,560
BRDA:125,8,0,0
BRDA:125,8,1,12
BRDA:132,9,0,8
BRDA:132,9,1,4
BRDA:135,10,0,0
BRDA:135,10,1,12
BRDA:138,11,0,0
BRDA:138,11,1,12
BRDA:141,12,0,0
BRDA:141,12,1,12
BRDA:142,13,0,12
BRDA:142,13,1,4
BRDA:142,13,2,4
BRDA:142,13,3,4
BRDA:157,14,0,6
BRDA:157,14,1,6
BRDA:167,15,0,6
BRDA:167,15,1,6
BRDA:177,16,0,3
BRDA:177,16,1,9
BRDA:183,17,0,0
BRDA:183,17,1,3
BRDA:198,18,0,3
BRDA:198,18,1,9
BRDA:198,19,0,12
BRDA:198,19,1,6
BRDA:199,20,0,1
BRDA:199,20,1,2
BRDA:204,21,0,0
BRDA:204,21,1,1
BRDA:212,22,0,0
BRDA:212,22,1,1
BRDA:212,23,0,0
BRDA:212,23,1,1
BRDA:218,24,0,0
BRDA:218,24,1,1
BRDA:226,25,0,0
BRDA:226,25,1,1
BRDA:226,26,0,0
BRDA:226,26,1,1
BRDA:232,27,0,0
BRDA:232,27,1,1
BRDA:240,28,0,0
BRDA:240,28,1,1
BRDA:240,29,0,0
BRDA:240,29,1,1
BRDA:244,30,0,2
BRDA:244,30,1,2
BRDA:245,31,0,4
BRDA:245,31,1,4
BRDA:245,31,2,2
BRDA:245,31,3,2
BRDA:253,32,0,14
BRDA:253,32,1,10
BRDA:254,33,0,24
BRDA:254,33,1,22
BRDA:254,33,2,20
BRDA:254,33,3,18
BRDA:254,33,4,16
BRDA:269,34,0,2
BRDA:269,34,1,2
BRDA:270,35,0,4
BRDA:270,35,1,4
BRDA:270,35,2,2
BRDA:270,35,3,2
BRDA:278,36,0,14
BRDA:278,36,1,10
BRDA:279,37,0,24
BRDA:279,37,1,22
BRDA:279,37,2,20
BRDA:279,37,3,18
BRDA:279,37,4,16
BRDA:295,38,0,1
BRDA:295,38,1,0
BRDA:296,39,0,1
BRDA:296,39,1,0
BRDA:298,40,0,0
BRDA:298,40,1,0
BRDA:300,41,0,0
BRDA:300,41,1,0
BRDA:326,42,0,0
BRDA:326,42,1,2
BRDA:331,43,0,2
BRDA:331,43,1,0
BRDA:332,44,0,1
BRDA:332,44,1,1
BRDA:334,45,0,1
BRDA:334,45,1,0
BRDA:336,46,0,0
BRDA:336,46,1,1
BRDA:352,47,0,3
BRDA:352,47,1,6
BRDA:353,48,0,1
BRDA:353,48,1,2
BRDA:355,49,0,0
BRDA:355,49,1,1
BRDA:363,50,0,0
BRDA:363,50,1,15
BRDA:363,51,0,0
BRDA:363,51,1,15
BRDA:366,52,0,0
BRDA:366,52,1,1
BRDA:374,53,0,0
BRDA:374,53,1,16
BRDA:374,54,0,0
BRDA:374,54,1,16
BRDA:377,55,0,0
BRDA:377,55,1,1
BRDA:385,56,0,0
BRDA:385,56,1,15
BRDA:385,57,0,0
BRDA:385,57,1,15
BRDA:389,58,0,16
BRDA:389,58,1,256
BRDA:390,59,0,272
BRDA:390,59,1,272
BRDA:390,59,2,16
BRDA:390,59,3,16
BRDA:396,60,0,10464
BRDA:396,60,1,80
BRDA:397,61,0,10544
BRDA:397,61,1,10528
BRDA:397,61,2,10512
BRDA:397,61,3,10496
BRDA:397,61,4,10480
BRDA:411,62,0,16
BRDA:411,62,1,240
BRDA:412,63,0,256
BRDA:412,63,1,256
BRDA:412,63,2,16
BRDA:412,63,3,16
BRDA:418,64,0,10464
BRDA:418,64,1,80
BRDA:419,65,0,10544
BRDA:419,65,1,10528
BRDA:419,65,2,10512
BRDA:419,65,3,10496
BRDA:419,65,4,10480
BRDA:434,66,0,1
BRDA:434,66,1,0
BRDA:435,67,0,1
BRDA:435,67,1,0
BRDA:437,68,0,0
BRDA:437,68,1,0
BRDA:439,69,0,0
BRDA:439,69,1,0
BRDA:457,70,0,0
BRDA:457,70,1,2
BRDA:462,71,0,2
BRDA:462,71,1,0
BRDA:463,72,0,1
BRDA:463,72,1,1
BRDA:465,73,0,1
BRDA:465,73,1,0
BRDA:467,74,0,0
BRDA:467,74,1,1
BRDA:482,75,0,3
BRDA:482,75,1,3
BRDA:483,76,0,1
BRDA:483,76,1,2
BRDA:485,77,0,0
BRDA:485,77,1,1
BRDA:493,78,0,2
BRDA:493,78,1,2
BRDA:493,79,0,0
BRDA:493,79,1,2
BRDA:496,80,0,0
BRDA:496,80,1,1
BRDA:504,81,0,2
BRDA:504,81,1,2
BRDA:504,82,0,0
BRDA:504,82,1,2
BRDA:507,83,0,0
BRDA:507,83,1,1
BRDA:515,84,0,2
BRDA:515,84,1,2
BRDA:515,85,0,0
BRDA:515,85,1,2
BRDA:519,86,0,3
BRDA:519,86,1,6
BRDA:520,87,0,9
BRDA:520,87,1,5
BRDA:520,87,2,3
BRDA:520,87,3,3
BRDA:526,88,0,1962
BRDA:526,88,1,15
BRDA:527,89,0,1977
BRDA:527,89,1,1974
BRDA:527,89,2,1971
BRDA:527,89,3,1968
BRDA:527,89,4,1965
BRDA:541,90,0,3
BRDA:541,90,1,6
BRDA:542,91,0,9
BRDA:542,91,1,5
BRDA:542,91,2,3
BRDA:542,91,3,3
BRDA:548,92,0,1962
BRDA:548,92,1,15
BRDA:549,93,0,1977
BRDA:549,93,1,1974
BRDA:549,93,2,1971
BRDA:549,93,3,1968
BRDA:549,93,4,1965
BRDA:564,94,0,1
BRDA:564,94,1,0
BRDA:565,95,0,1
BRDA:565,95,1,0
BRDA:567,96,0,0
BRDA:567,96,1,0
BRDA:569,97,0,0
BRDA:569,97,1,0
BRDA:587,98,0,0
BRDA:587,98,1,2
BRDA:592,99,0,2
BRDA:592,99,1,0
BRDA:593,100,0,1
BRDA:593,100,1,1
BRDA:595,101,0,1
BRDA:595,101,1,0
BRDA:597,102,0,0
BRDA:597,102,1,1
BRDA:613,103,0,1
BRDA:613,103,1,2
BRDA:615,104,0,0
BRDA:615,104,1,1
BRDA:623,105,0,1005
BRDA:623,105,1,907
BRDA:623,106,0,724
BRDA:623,106,1,183
BRDA:626,107,0,0
BRDA:626,107,1,1
BRDA:634,108,0,988
BRDA:634,108,1,955
BRDA:634,109,0,759
BRDA:634,109,1,196
BRDA:637,110,0,0
BRDA:637,110,1,1
BRDA:645,111,0,997
BRDA:645,111,1,896
BRDA:645,112,0,717
BRDA:645,112,1,179
BRDA:649,113,0,280
BRDA:649,113,1,79800
BRDA:650,114,0,80080
BRDA:650,114,1,2077
BRDA:650,114,2,285
BRDA:650,114,3,280
BRDA:656,115,0,183120
BRDA:656,115,1,1400
BRDA:657,116,0,184520
BRDA:657,116,1,184240
BRDA:657,116,2,183960
BRDA:657,116,3,183680
BRDA:657,116,4,183400
BRDA:671,117,0,280
BRDA:671,117,1,78120
BRDA:672,118,0,78400
BRDA:672,118,1,1990
BRDA:672,118,2,280
BRDA:672,118,3,280
BRDA:678,119,0,183120
BRDA:678,119,1,1400
BRDA:679,120,0,184520
BRDA:679,120,1,184240
BRDA:679,120,2,183960
BRDA:679,120,3,183680
BRDA:679,120,4,183400
BRDA:694,121,0,1
BRDA:694,121,1,0
BRDA:695,122,0,1
BRDA:695,122,1,0
BRDA:697,123,0,0
BRDA:697,123,1,0
BRDA:699,124,0,0
BRDA:699,124,1,0
BRDA:717,125,0,0
BRDA:717,125,1,2
BRDA:725,126,0,2010
BRDA:725,126,1,1814
BRDA:725,127,0,1448
BRDA:725,127,1,366
BRDA:727,128,0,2
BRDA:727,128,1,0
BRDA:728,129,0,1
BRDA:728,129,1,1
BRDA:730,130,0,1
BRDA:730,130,1,0
BRDA:732,131,0,0
BRDA:732,131,1,1
BRDA:756,132,0,0
BRDA:756,132,1,3
BRDA:766,133,0,1
BRDA:766,133,1,2
BRDA:819,134,0,2
BRDA:819,134,1,2
BRDA:829,135,0,2
BRDA:829,135,1,2
BRDA:850,136,0,4
BRDA:850,136,1,0
BRDA:852,137,0,4
BRDA:852,137,1,0
BRDA:879,138,0,1
BRDA:879,138,1,3
BRDA:879,139,0,4
BRDA:879,139,1,2
BRDA:889,140,0,0
BRDA:889,140,1,1
BRDA:898,141,0,0
BRDA:898,141,1,1
BRDA:898,142,0,0
BRDA:898,142,1,1
BRDA:901,143,0,2
BRDA:901,143,1,1
BRDA:904,144,0,1
BRDA:904,144,1,0
BRDA:905,145,0,0
BRDA:905,145,1,1
BRDA:907,146,0,1
BRDA:907,146,1,0
BRDA:909,147,0,0
BRDA:909,147,1,1
BRDA:924,148,0,1
BRDA:924,148,1,2
BRDA:929,149,0,0
BRDA:929,149,1,1
BRDA:938,150,0,0
BRDA:938,150,1,33
BRDA:938,151,0,0
BRDA:938,151,1,33
BRDA:941,152,0,34
BRDA:941,152,1,1
BRDA:945,153,0,1
BRDA:945,153,1,0
BRDA:946,154,0,0
BRDA:946,154,1,1
BRDA:948,155,0,1
BRDA:948,155,1,0
BRDA:950,156,0,0
BRDA:950,156,1,1
BRDA:965,157,0,1
BRDA:965,157,1,1
BRDA:970,158,0,0
BRDA:970,158,1,1
BRDA:979,159,0,0
BRDA:979,159,1,3
BRDA:979,160,0,0
BRDA:979,160,1,3
BRDA:982,161,0,4
BRDA:982,161,1,1
BRDA:985,162,0,1
BRDA:985,162,1,0
BRDA:986,163,0,0
BRDA:986,163,1,1
BRDA:988,164,0,1
BRDA:988,164,1,0
BRDA:990,165,0,0
BRDA:990,165,1,1
BRDA:1007,166,0,0
BRDA:1007,166,1,1
BRDA:1016,167,0,0
BRDA:1016,167,1,4001
BRDA:1016,168,0,0
BRDA:1016,168,1,4001
BRDA:1019,169,0,4002
BRDA:1019,169,1,1
BRDA:1022,170,0,1
BRDA:1022,170,1,0
BRDA:1023,171,0,0
BRDA:1023,171,1,1
BRDA:1025,172,0,1
BRDA:1025,172,1,0
BRDA:1027,173,0,0
BRDA:1027,173,1,1
BRF:390
BRH:280
end_of_record
